experiment_data $ EXP: ExpeMag_i1pf $ EXPID: 1622528362 $ ID: it $ BROW: Windows - Chrome 71.0.3578.98 71 Netscape Mozilla/5.0 (Windows NT 10.0; Win64; x64) AppleWebKit/537.36 (KHTML, like Gecko) Chrome/71.0.3578.98 Safari/537.36 $ dbcall success 
experiment_data $ EXP: ExpeMag_i1pf $ EXPID: 1622528362 $ ID: it $ BROW: Windows - Chrome 71.0.3578.98 71 Netscape Mozilla/5.0 (Windows NT 10.0; Win64; x64) AppleWebKit/537.36 (KHTML, like Gecko) Chrome/71.0.3578.98 Safari/537.36 $ dbcall success 
learning_data $ EXP: ExpeMag_i1pf $ EXPID: 1622528362 $ ID: it $ TEST: 0 $ SESSION: -1 $ TRIAL: 0 $ P1: 0.75 $ P2: 0.25 $ MAG1: 10 $ MAG2: 10 $ VAL: 1 $ INF: 0 $ OP1: 12 $ OP2: 8 $ INV: 1 $ CTIME: 376877 $ CLR: 1 $ CGB: 1 $ RGB: 1 $ CFGB: 0 $ RTIME: 2806 $ dbcall success 
learning_data $ EXP: ExpeMag_i1pf $ EXPID: 1622528362 $ ID: it $ TEST: 0 $ SESSION: -1 $ TRIAL: 1 $ P1: 0.75 $ P2: 0.25 $ MAG1: 10 $ MAG2: 10 $ VAL: 1 $ INF: 0 $ OP1: 12 $ OP2: 8 $ INV: 1 $ CTIME: 382203 $ CLR: 1 $ CGB: 1 $ RGB: 1 $ CFGB: 0 $ RTIME: 1335 $ dbcall success 
learning_data $ EXP: ExpeMag_i1pf $ EXPID: 1622528362 $ ID: it $ TEST: 0 $ SESSION: -1 $ TRIAL: 2 $ P1: 0.75 $ P2: 0.25 $ MAG1: 1 $ MAG2: 1 $ VAL: 1 $ INF: 0 $ OP1: 1 $ OP2: 2 $ INV: 1 $ CTIME: 386047 $ CLR: 1 $ CGB: 1 $ RGB: 1 $ CFGB: 0 $ RTIME: 3627 $ dbcall success 
learning_data $ EXP: ExpeMag_i1pf $ EXPID: 1622528362 $ ID: it $ TEST: 0 $ SESSION: -1 $ TRIAL: 3 $ P1: 0.75 $ P2: 0.25 $ MAG1: 1 $ MAG2: 1 $ VAL: 1 $ INF: 0 $ OP1: 1 $ OP2: 2 $ INV: 0 $ CTIME: 392195 $ CLR: 1 $ CGB: 0 $ RGB: 0 $ CFGB: 1 $ RTIME: 1632 $ dbcall success 
learning_data $ EXP: ExpeMag_i1pf $ EXPID: 1622528362 $ ID: it $ TEST: 1 $ SESSION: 0 $ TRIAL: 0 $ P1: 0.75 $ P2: 0.25 $ MAG1: 10 $ MAG2: 10 $ VAL: 1 $ INF: 0 $ OP1: 4 $ OP2: 5 $ INV: 0 $ CTIME: 405805 $ CLR: 1 $ CGB: 0 $ RGB: 0 $ CFGB: 1 $ RTIME: 1693 $ dbcall success 
learning_data $ EXP: ExpeMag_i1pf $ EXPID: 1622528362 $ ID: it $ TEST: 1 $ SESSION: 0 $ TRIAL: 1 $ P1: 0.75 $ P2: 0.25 $ MAG1: 1 $ MAG2: 1 $ VAL: 1 $ INF: 0 $ OP1: 6 $ OP2: 9 $ INV: 1 $ CTIME: 410019 $ CLR: 1 $ CGB: 1 $ RGB: 1 $ CFGB: 0 $ RTIME: 3159 $ dbcall success 
learning_data $ EXP: ExpeMag_i1pf $ EXPID: 1622528362 $ ID: it $ TEST: 1 $ SESSION: 0 $ TRIAL: 2 $ P1: 0.75 $ P2: 0.25 $ MAG1: 1 $ MAG2: 1 $ VAL: 1 $ INF: 0 $ OP1: 10 $ OP2: 11 $ INV: 0 $ CTIME: 415699 $ CLR: -1 $ CGB: 1 $ RGB: 1 $ CFGB: 0 $ RTIME: 1968 $ dbcall success 
learning_data $ EXP: ExpeMag_i1pf $ EXPID: 1622528362 $ ID: it $ TEST: 1 $ SESSION: 0 $ TRIAL: 3 $ P1: 0.75 $ P2: 0.25 $ MAG1: 1 $ MAG2: 1 $ VAL: 1 $ INF: 0 $ OP1: 10 $ OP2: 11 $ INV: 0 $ CTIME: 420196 $ CLR: -1 $ CGB: 1 $ RGB: 1 $ CFGB: 1 $ RTIME: 17483 $ dbcall success 
learning_data $ EXP: ExpeMag_i1pf $ EXPID: 1622528362 $ ID: it $ TEST: 1 $ SESSION: 0 $ TRIAL: 4 $ P1: 0.75 $ P2: 0.25 $ MAG1: 10 $ MAG2: 10 $ VAL: 1 $ INF: 0 $ OP1: 7 $ OP2: 3 $ INV: 1 $ CTIME: 440190 $ CLR: 1 $ CGB: 1 $ RGB: 1 $ CFGB: 0 $ RTIME: 2057 $ dbcall success 
learning_data $ EXP: ExpeMag_i1pf $ EXPID: 1622528362 $ ID: it $ TEST: 1 $ SESSION: 0 $ TRIAL: 5 $ P1: 0.75 $ P2: 0.25 $ MAG1: 1 $ MAG2: 1 $ VAL: 1 $ INF: 0 $ OP1: 10 $ OP2: 11 $ INV: 1 $ CTIME: 444762 $ CLR: -1 $ CGB: 0 $ RGB: 0 $ CFGB: 1 $ RTIME: 1796 $ dbcall success 
learning_data $ EXP: ExpeMag_i1pf $ EXPID: 1622528362 $ ID: it $ TEST: 1 $ SESSION: 0 $ TRIAL: 6 $ P1: 0.75 $ P2: 0.25 $ MAG1: 10 $ MAG2: 10 $ VAL: 1 $ INF: 0 $ OP1: 4 $ OP2: 5 $ INV: 1 $ CTIME: 449064 $ CLR: -1 $ CGB: 0 $ RGB: 0 $ CFGB: 1 $ RTIME: 1639 $ dbcall success 
learning_data $ EXP: ExpeMag_i1pf $ EXPID: 1622528362 $ ID: it $ TEST: 1 $ SESSION: 0 $ TRIAL: 7 $ P1: 0.75 $ P2: 0.25 $ MAG1: 10 $ MAG2: 10 $ VAL: 1 $ INF: 0 $ OP1: 4 $ OP2: 5 $ INV: 0 $ CTIME: 453211 $ CLR: -1 $ CGB: 1 $ RGB: 1 $ CFGB: 0 $ RTIME: 1052 $ dbcall success 
learning_data $ EXP: ExpeMag_i1pf $ EXPID: 1622528362 $ ID: it $ TEST: 1 $ SESSION: 0 $ TRIAL: 8 $ P1: 0.75 $ P2: 0.25 $ MAG1: 1 $ MAG2: 1 $ VAL: 1 $ INF: 0 $ OP1: 10 $ OP2: 11 $ INV: 1 $ CTIME: 456783 $ CLR: -1 $ CGB: 0 $ RGB: 0 $ CFGB: 1 $ RTIME: 2832 $ dbcall success 
learning_data $ EXP: ExpeMag_i1pf $ EXPID: 1622528362 $ ID: it $ TEST: 1 $ SESSION: 0 $ TRIAL: 9 $ P1: 0.75 $ P2: 0.25 $ MAG1: 1 $ MAG2: 1 $ VAL: 1 $ INF: 0 $ OP1: 6 $ OP2: 9 $ INV: 0 $ CTIME: 462123 $ CLR: 1 $ CGB: 0 $ RGB: 0 $ CFGB: 1 $ RTIME: 15812 $ dbcall success 
learning_data $ EXP: ExpeMag_i1pf $ EXPID: 1622528362 $ ID: it $ TEST: 1 $ SESSION: 0 $ TRIAL: 10 $ P1: 0.75 $ P2: 0.25 $ MAG1: 10 $ MAG2: 10 $ VAL: 1 $ INF: 0 $ OP1: 4 $ OP2: 5 $ INV: 1 $ CTIME: 480443 $ CLR: 1 $ CGB: 1 $ RGB: 1 $ CFGB: 1 $ RTIME: 3804 $ dbcall success 
learning_data $ EXP: ExpeMag_i1pf $ EXPID: 1622528362 $ ID: it $ TEST: 1 $ SESSION: 0 $ TRIAL: 11 $ P1: 0.75 $ P2: 0.25 $ MAG1: 1 $ MAG2: 1 $ VAL: 1 $ INF: 0 $ OP1: 10 $ OP2: 11 $ INV: 0 $ CTIME: 486767 $ CLR: 1 $ CGB: 0 $ RGB: 0 $ CFGB: 0 $ RTIME: 2152 $ dbcall success 
learning_data $ EXP: ExpeMag_i1pf $ EXPID: 1622528362 $ ID: it $ TEST: 1 $ SESSION: 0 $ TRIAL: 12 $ P1: 0.75 $ P2: 0.25 $ MAG1: 1 $ MAG2: 1 $ VAL: 1 $ INF: 0 $ OP1: 6 $ OP2: 9 $ INV: 0 $ CTIME: 491426 $ CLR: 1 $ CGB: 0 $ RGB: 0 $ CFGB: 1 $ RTIME: 2213 $ dbcall success 
learning_data $ EXP: ExpeMag_i1pf $ EXPID: 1622528362 $ ID: it $ TEST: 1 $ SESSION: 0 $ TRIAL: 13 $ P1: 0.75 $ P2: 0.25 $ MAG1: 1 $ MAG2: 1 $ VAL: 1 $ INF: 0 $ OP1: 10 $ OP2: 11 $ INV: 0 $ CTIME: 496160 $ CLR: 1 $ CGB: 0 $ RGB: 0 $ CFGB: 0 $ RTIME: 9703 $ dbcall success 
learning_data $ EXP: ExpeMag_i1pf $ EXPID: 1622528362 $ ID: it $ TEST: 1 $ SESSION: 0 $ TRIAL: 14 $ P1: 0.75 $ P2: 0.25 $ MAG1: 10 $ MAG2: 10 $ VAL: 1 $ INF: 0 $ OP1: 4 $ OP2: 5 $ INV: 0 $ CTIME: 508375 $ CLR: 1 $ CGB: 0 $ RGB: 0 $ CFGB: 1 $ RTIME: 1312 $ dbcall success 
learning_data $ EXP: ExpeMag_i1pf $ EXPID: 1622528362 $ ID: it $ TEST: 1 $ SESSION: 0 $ TRIAL: 15 $ P1: 0.75 $ P2: 0.25 $ MAG1: 10 $ MAG2: 10 $ VAL: 1 $ INF: 0 $ OP1: 4 $ OP2: 5 $ INV: 0 $ CTIME: 512205 $ CLR: 1 $ CGB: 0 $ RGB: 1 $ CFGB: 1 $ RTIME: 1706 $ dbcall success 
learning_data $ EXP: ExpeMag_i1pf $ EXPID: 1622528362 $ ID: it $ TEST: 1 $ SESSION: 0 $ TRIAL: 16 $ P1: 0.75 $ P2: 0.25 $ MAG1: 10 $ MAG2: 10 $ VAL: 1 $ INF: 0 $ OP1: 4 $ OP2: 5 $ INV: 1 $ CTIME: 516428 $ CLR: -1 $ CGB: 0 $ RGB: 0 $ CFGB: 0 $ RTIME: 1355 $ dbcall success 
learning_data $ EXP: ExpeMag_i1pf $ EXPID: 1622528362 $ ID: it $ TEST: 1 $ SESSION: 0 $ TRIAL: 17 $ P1: 0.75 $ P2: 0.25 $ MAG1: 10 $ MAG2: 10 $ VAL: 1 $ INF: 0 $ OP1: 7 $ OP2: 3 $ INV: 1 $ CTIME: 520292 $ CLR: 1 $ CGB: 1 $ RGB: 1 $ CFGB: 0 $ RTIME: 7115 $ dbcall success 
learning_data $ EXP: ExpeMag_i1pf $ EXPID: 1622528362 $ ID: it $ TEST: 1 $ SESSION: 0 $ TRIAL: 18 $ P1: 0.75 $ P2: 0.25 $ MAG1: 10 $ MAG2: 10 $ VAL: 1 $ INF: 0 $ OP1: 7 $ OP2: 3 $ INV: 1 $ CTIME: 529925 $ CLR: 1 $ CGB: 1 $ RGB: 1 $ CFGB: 0 $ RTIME: 1434 $ dbcall success 
learning_data $ EXP: ExpeMag_i1pf $ EXPID: 1622528362 $ ID: it $ TEST: 1 $ SESSION: 0 $ TRIAL: 19 $ P1: 0.75 $ P2: 0.25 $ MAG1: 1 $ MAG2: 1 $ VAL: 1 $ INF: 0 $ OP1: 10 $ OP2: 11 $ INV: 1 $ CTIME: 533876 $ CLR: -1 $ CGB: 0 $ RGB: 0 $ CFGB: 1 $ RTIME: 3242 $ dbcall success 
learning_data $ EXP: ExpeMag_i1pf $ EXPID: 1622528362 $ ID: it $ TEST: 1 $ SESSION: 0 $ TRIAL: 20 $ P1: 0.75 $ P2: 0.25 $ MAG1: 1 $ MAG2: 1 $ VAL: 1 $ INF: 0 $ OP1: 10 $ OP2: 11 $ INV: 0 $ CTIME: 539628 $ CLR: -1 $ CGB: 1 $ RGB: 1 $ CFGB: 0 $ RTIME: 731 $ dbcall success 
learning_data $ EXP: ExpeMag_i1pf $ EXPID: 1622528362 $ ID: it $ TEST: 1 $ SESSION: 0 $ TRIAL: 21 $ P1: 0.75 $ P2: 0.25 $ MAG1: 10 $ MAG2: 10 $ VAL: 1 $ INF: 0 $ OP1: 7 $ OP2: 3 $ INV: 1 $ CTIME: 542866 $ CLR: -1 $ CGB: 0 $ RGB: 1 $ CFGB: 1 $ RTIME: 2412 $ dbcall success 
learning_data $ EXP: ExpeMag_i1pf $ EXPID: 1622528362 $ ID: it $ TEST: 1 $ SESSION: 0 $ TRIAL: 22 $ P1: 0.75 $ P2: 0.25 $ MAG1: 10 $ MAG2: 10 $ VAL: 1 $ INF: 0 $ OP1: 4 $ OP2: 5 $ INV: 0 $ CTIME: 547787 $ CLR: 1 $ CGB: 0 $ RGB: 0 $ CFGB: 1 $ RTIME: 3292 $ dbcall success 
learning_data $ EXP: ExpeMag_i1pf $ EXPID: 1622528362 $ ID: it $ TEST: 1 $ SESSION: 0 $ TRIAL: 23 $ P1: 0.75 $ P2: 0.25 $ MAG1: 10 $ MAG2: 10 $ VAL: 1 $ INF: 0 $ OP1: 7 $ OP2: 3 $ INV: 1 $ CTIME: 553590 $ CLR: 1 $ CGB: 1 $ RGB: 1 $ CFGB: 1 $ RTIME: 985 $ dbcall success 
learning_data $ EXP: ExpeMag_i1pf $ EXPID: 1622528362 $ ID: it $ TEST: 1 $ SESSION: 0 $ TRIAL: 24 $ P1: 0.75 $ P2: 0.25 $ MAG1: 1 $ MAG2: 1 $ VAL: 1 $ INF: 0 $ OP1: 6 $ OP2: 9 $ INV: 1 $ CTIME: 557091 $ CLR: 1 $ CGB: 1 $ RGB: 1 $ CFGB: 0 $ RTIME: 1725 $ dbcall success 
learning_data $ EXP: ExpeMag_i1pf $ EXPID: 1622528362 $ ID: it $ TEST: 1 $ SESSION: 0 $ TRIAL: 25 $ P1: 0.75 $ P2: 0.25 $ MAG1: 1 $ MAG2: 1 $ VAL: 1 $ INF: 0 $ OP1: 10 $ OP2: 11 $ INV: 0 $ CTIME: 561329 $ CLR: -1 $ CGB: 1 $ RGB: 1 $ CFGB: 0 $ RTIME: 1318 $ dbcall success 
learning_data $ EXP: ExpeMag_i1pf $ EXPID: 1622528362 $ ID: it $ TEST: 1 $ SESSION: 0 $ TRIAL: 26 $ P1: 0.75 $ P2: 0.25 $ MAG1: 10 $ MAG2: 10 $ VAL: 1 $ INF: 0 $ OP1: 4 $ OP2: 5 $ INV: 1 $ CTIME: 565158 $ CLR: -1 $ CGB: 0 $ RGB: 0 $ CFGB: 0 $ RTIME: 2913 $ dbcall success 
learning_data $ EXP: ExpeMag_i1pf $ EXPID: 1622528362 $ ID: it $ TEST: 1 $ SESSION: 0 $ TRIAL: 27 $ P1: 0.75 $ P2: 0.25 $ MAG1: 10 $ MAG2: 10 $ VAL: 1 $ INF: 0 $ OP1: 7 $ OP2: 3 $ INV: 0 $ CTIME: 570583 $ CLR: -1 $ CGB: 1 $ RGB: 0 $ CFGB: 0 $ RTIME: 960 $ dbcall success 
learning_data $ EXP: ExpeMag_i1pf $ EXPID: 1622528362 $ ID: it $ TEST: 1 $ SESSION: 0 $ TRIAL: 28 $ P1: 0.75 $ P2: 0.25 $ MAG1: 1 $ MAG2: 1 $ VAL: 1 $ INF: 0 $ OP1: 6 $ OP2: 9 $ INV: 0 $ CTIME: 574055 $ CLR: -1 $ CGB: 1 $ RGB: 1 $ CFGB: 0 $ RTIME: 1056 $ dbcall success 
learning_data $ EXP: ExpeMag_i1pf $ EXPID: 1622528362 $ ID: it $ TEST: 1 $ SESSION: 0 $ TRIAL: 29 $ P1: 0.75 $ P2: 0.25 $ MAG1: 10 $ MAG2: 10 $ VAL: 1 $ INF: 0 $ OP1: 4 $ OP2: 5 $ INV: 0 $ CTIME: 577618 $ CLR: 1 $ CGB: 0 $ RGB: 0 $ CFGB: 1 $ RTIME: 1284 $ dbcall success 
learning_data $ EXP: ExpeMag_i1pf $ EXPID: 1622528362 $ ID: it $ TEST: 1 $ SESSION: 0 $ TRIAL: 30 $ P1: 0.75 $ P2: 0.25 $ MAG1: 10 $ MAG2: 10 $ VAL: 1 $ INF: 0 $ OP1: 7 $ OP2: 3 $ INV: 0 $ CTIME: 581422 $ CLR: -1 $ CGB: 1 $ RGB: 1 $ CFGB: 1 $ RTIME: 1033 $ dbcall success 
learning_data $ EXP: ExpeMag_i1pf $ EXPID: 1622528362 $ ID: it $ TEST: 1 $ SESSION: 0 $ TRIAL: 31 $ P1: 0.75 $ P2: 0.25 $ MAG1: 1 $ MAG2: 1 $ VAL: 1 $ INF: 0 $ OP1: 6 $ OP2: 9 $ INV: 0 $ CTIME: 584970 $ CLR: -1 $ CGB: 1 $ RGB: 1 $ CFGB: 0 $ RTIME: 1285 $ dbcall success 
learning_data $ EXP: ExpeMag_i1pf $ EXPID: 1622528362 $ ID: it $ TEST: 1 $ SESSION: 0 $ TRIAL: 32 $ P1: 0.75 $ P2: 0.25 $ MAG1: 10 $ MAG2: 10 $ VAL: 1 $ INF: 0 $ OP1: 4 $ OP2: 5 $ INV: 0 $ CTIME: 588770 $ CLR: -1 $ CGB: 1 $ RGB: 1 $ CFGB: 1 $ RTIME: 2797 $ dbcall success 
learning_data $ EXP: ExpeMag_i1pf $ EXPID: 1622528362 $ ID: it $ TEST: 1 $ SESSION: 0 $ TRIAL: 33 $ P1: 0.75 $ P2: 0.25 $ MAG1: 10 $ MAG2: 10 $ VAL: 1 $ INF: 0 $ OP1: 4 $ OP2: 5 $ INV: 0 $ CTIME: 594074 $ CLR: -1 $ CGB: 1 $ RGB: 1 $ CFGB: 1 $ RTIME: 1077 $ dbcall success 
learning_data $ EXP: ExpeMag_i1pf $ EXPID: 1622528362 $ ID: it $ TEST: 1 $ SESSION: 0 $ TRIAL: 34 $ P1: 0.75 $ P2: 0.25 $ MAG1: 10 $ MAG2: 10 $ VAL: 1 $ INF: 0 $ OP1: 4 $ OP2: 5 $ INV: 1 $ CTIME: 597663 $ CLR: 1 $ CGB: 1 $ RGB: 0 $ CFGB: 1 $ RTIME: 1127 $ dbcall success 
learning_data $ EXP: ExpeMag_i1pf $ EXPID: 1622528362 $ ID: it $ TEST: 1 $ SESSION: 0 $ TRIAL: 35 $ P1: 0.75 $ P2: 0.25 $ MAG1: 10 $ MAG2: 10 $ VAL: 1 $ INF: 0 $ OP1: 4 $ OP2: 5 $ INV: 0 $ CTIME: 601309 $ CLR: -1 $ CGB: 1 $ RGB: 1 $ CFGB: 0 $ RTIME: 769 $ dbcall success 
learning_data $ EXP: ExpeMag_i1pf $ EXPID: 1622528362 $ ID: it $ TEST: 1 $ SESSION: 0 $ TRIAL: 36 $ P1: 0.75 $ P2: 0.25 $ MAG1: 1 $ MAG2: 1 $ VAL: 1 $ INF: 0 $ OP1: 6 $ OP2: 9 $ INV: 0 $ CTIME: 604583 $ CLR: -1 $ CGB: 1 $ RGB: 0 $ CFGB: 0 $ RTIME: 10367 $ dbcall success 
learning_data $ EXP: ExpeMag_i1pf $ EXPID: 1622528362 $ ID: it $ TEST: 1 $ SESSION: 0 $ TRIAL: 37 $ P1: 0.75 $ P2: 0.25 $ MAG1: 10 $ MAG2: 10 $ VAL: 1 $ INF: 0 $ OP1: 4 $ OP2: 5 $ INV: 1 $ CTIME: 617462 $ CLR: -1 $ CGB: 0 $ RGB: 1 $ CFGB: 1 $ RTIME: 1344 $ dbcall success 
learning_data $ EXP: ExpeMag_i1pf $ EXPID: 1622528362 $ ID: it $ TEST: 1 $ SESSION: 0 $ TRIAL: 38 $ P1: 0.75 $ P2: 0.25 $ MAG1: 10 $ MAG2: 10 $ VAL: 1 $ INF: 0 $ OP1: 7 $ OP2: 3 $ INV: 0 $ CTIME: 621314 $ CLR: -1 $ CGB: 1 $ RGB: 0 $ CFGB: 0 $ RTIME: 4676 $ dbcall success 
learning_data $ EXP: ExpeMag_i1pf $ EXPID: 1622528362 $ ID: it $ TEST: 1 $ SESSION: 0 $ TRIAL: 39 $ P1: 0.75 $ P2: 0.25 $ MAG1: 1 $ MAG2: 1 $ VAL: 1 $ INF: 0 $ OP1: 10 $ OP2: 11 $ INV: 0 $ CTIME: 628504 $ CLR: -1 $ CGB: 1 $ RGB: 1 $ CFGB: 0 $ RTIME: 1182 $ dbcall success 
learning_data $ EXP: ExpeMag_i1pf $ EXPID: 1622528362 $ ID: it $ TEST: 1 $ SESSION: 0 $ TRIAL: 40 $ P1: 0.75 $ P2: 0.25 $ MAG1: 1 $ MAG2: 1 $ VAL: 1 $ INF: 0 $ OP1: 10 $ OP2: 11 $ INV: 0 $ CTIME: 632206 $ CLR: -1 $ CGB: 1 $ RGB: 1 $ CFGB: 0 $ RTIME: 3256 $ dbcall success 
learning_data $ EXP: ExpeMag_i1pf $ EXPID: 1622528362 $ ID: it $ TEST: 1 $ SESSION: 0 $ TRIAL: 41 $ P1: 0.75 $ P2: 0.25 $ MAG1: 10 $ MAG2: 10 $ VAL: 1 $ INF: 0 $ OP1: 7 $ OP2: 3 $ INV: 1 $ CTIME: 637969 $ CLR: 1 $ CGB: 1 $ RGB: 1 $ CFGB: 0 $ RTIME: 1413 $ dbcall success 
learning_data $ EXP: ExpeMag_i1pf $ EXPID: 1622528362 $ ID: it $ TEST: 1 $ SESSION: 0 $ TRIAL: 42 $ P1: 0.75 $ P2: 0.25 $ MAG1: 10 $ MAG2: 10 $ VAL: 1 $ INF: 0 $ OP1: 4 $ OP2: 5 $ INV: 1 $ CTIME: 641890 $ CLR: -1 $ CGB: 0 $ RGB: 0 $ CFGB: 0 $ RTIME: 948 $ dbcall success 
learning_data $ EXP: ExpeMag_i1pf $ EXPID: 1622528362 $ ID: it $ TEST: 1 $ SESSION: 0 $ TRIAL: 43 $ P1: 0.75 $ P2: 0.25 $ MAG1: 1 $ MAG2: 1 $ VAL: 1 $ INF: 0 $ OP1: 10 $ OP2: 11 $ INV: 0 $ CTIME: 645355 $ CLR: -1 $ CGB: 1 $ RGB: 1 $ CFGB: 1 $ RTIME: 1115 $ dbcall success 
learning_data $ EXP: ExpeMag_i1pf $ EXPID: 1622528362 $ ID: it $ TEST: 1 $ SESSION: 0 $ TRIAL: 44 $ P1: 0.75 $ P2: 0.25 $ MAG1: 10 $ MAG2: 10 $ VAL: 1 $ INF: 0 $ OP1: 4 $ OP2: 5 $ INV: 1 $ CTIME: 648991 $ CLR: -1 $ CGB: 0 $ RGB: 0 $ CFGB: 0 $ RTIME: 1431 $ dbcall success 
learning_data $ EXP: ExpeMag_i1pf $ EXPID: 1622528362 $ ID: it $ TEST: 1 $ SESSION: 0 $ TRIAL: 45 $ P1: 0.75 $ P2: 0.25 $ MAG1: 1 $ MAG2: 1 $ VAL: 1 $ INF: 0 $ OP1: 6 $ OP2: 9 $ INV: 0 $ CTIME: 652937 $ CLR: -1 $ CGB: 1 $ RGB: 1 $ CFGB: 0 $ RTIME: 1053 $ dbcall success 
learning_data $ EXP: ExpeMag_i1pf $ EXPID: 1622528362 $ ID: it $ TEST: 1 $ SESSION: 0 $ TRIAL: 46 $ P1: 0.75 $ P2: 0.25 $ MAG1: 10 $ MAG2: 10 $ VAL: 1 $ INF: 0 $ OP1: 4 $ OP2: 5 $ INV: 0 $ CTIME: 656502 $ CLR: 1 $ CGB: 0 $ RGB: 0 $ CFGB: 0 $ RTIME: 1080 $ dbcall success 
learning_data $ EXP: ExpeMag_i1pf $ EXPID: 1622528362 $ ID: it $ TEST: 1 $ SESSION: 0 $ TRIAL: 47 $ P1: 0.75 $ P2: 0.25 $ MAG1: 1 $ MAG2: 1 $ VAL: 1 $ INF: 0 $ OP1: 6 $ OP2: 9 $ INV: 0 $ CTIME: 660097 $ CLR: -1 $ CGB: 1 $ RGB: 0 $ CFGB: 0 $ RTIME: 2269 $ dbcall success 
learning_data $ EXP: ExpeMag_i1pf $ EXPID: 1622528362 $ ID: it $ TEST: 1 $ SESSION: 0 $ TRIAL: 48 $ P1: 0.75 $ P2: 0.25 $ MAG1: 10 $ MAG2: 10 $ VAL: 1 $ INF: 0 $ OP1: 7 $ OP2: 3 $ INV: 1 $ CTIME: 664872 $ CLR: -1 $ CGB: 0 $ RGB: 0 $ CFGB: 0 $ RTIME: 911 $ dbcall success 
learning_data $ EXP: ExpeMag_i1pf $ EXPID: 1622528362 $ ID: it $ TEST: 1 $ SESSION: 0 $ TRIAL: 49 $ P1: 0.75 $ P2: 0.25 $ MAG1: 1 $ MAG2: 1 $ VAL: 1 $ INF: 0 $ OP1: 6 $ OP2: 9 $ INV: 0 $ CTIME: 668291 $ CLR: -1 $ CGB: 1 $ RGB: 1 $ CFGB: 0 $ RTIME: 1051 $ dbcall success 
learning_data $ EXP: ExpeMag_i1pf $ EXPID: 1622528362 $ ID: it $ TEST: 1 $ SESSION: 0 $ TRIAL: 50 $ P1: 0.75 $ P2: 0.25 $ MAG1: 10 $ MAG2: 10 $ VAL: 1 $ INF: 0 $ OP1: 7 $ OP2: 3 $ INV: 1 $ CTIME: 671858 $ CLR: 1 $ CGB: 1 $ RGB: 1 $ CFGB: 0 $ RTIME: 1372 $ dbcall success 
learning_data $ EXP: ExpeMag_i1pf $ EXPID: 1622528362 $ ID: it $ TEST: 1 $ SESSION: 0 $ TRIAL: 51 $ P1: 0.75 $ P2: 0.25 $ MAG1: 1 $ MAG2: 1 $ VAL: 1 $ INF: 0 $ OP1: 10 $ OP2: 11 $ INV: 1 $ CTIME: 675738 $ CLR: 1 $ CGB: 1 $ RGB: 1 $ CFGB: 1 $ RTIME: 1133 $ dbcall success 
learning_data $ EXP: ExpeMag_i1pf $ EXPID: 1622528362 $ ID: it $ TEST: 1 $ SESSION: 0 $ TRIAL: 52 $ P1: 0.75 $ P2: 0.25 $ MAG1: 1 $ MAG2: 1 $ VAL: 1 $ INF: 0 $ OP1: 6 $ OP2: 9 $ INV: 1 $ CTIME: 679388 $ CLR: -1 $ CGB: 0 $ RGB: 0 $ CFGB: 1 $ RTIME: 1978 $ dbcall success 
learning_data $ EXP: ExpeMag_i1pf $ EXPID: 1622528362 $ ID: it $ TEST: 1 $ SESSION: 0 $ TRIAL: 53 $ P1: 0.75 $ P2: 0.25 $ MAG1: 1 $ MAG2: 1 $ VAL: 1 $ INF: 0 $ OP1: 6 $ OP2: 9 $ INV: 0 $ CTIME: 683877 $ CLR: -1 $ CGB: 1 $ RGB: 0 $ CFGB: 1 $ RTIME: 809 $ dbcall success 
learning_data $ EXP: ExpeMag_i1pf $ EXPID: 1622528362 $ ID: it $ TEST: 1 $ SESSION: 0 $ TRIAL: 54 $ P1: 0.75 $ P2: 0.25 $ MAG1: 10 $ MAG2: 10 $ VAL: 1 $ INF: 0 $ OP1: 7 $ OP2: 3 $ INV: 0 $ CTIME: 687206 $ CLR: -1 $ CGB: 1 $ RGB: 1 $ CFGB: 0 $ RTIME: 825 $ dbcall success 
learning_data $ EXP: ExpeMag_i1pf $ EXPID: 1622528362 $ ID: it $ TEST: 1 $ SESSION: 0 $ TRIAL: 55 $ P1: 0.75 $ P2: 0.25 $ MAG1: 10 $ MAG2: 10 $ VAL: 1 $ INF: 0 $ OP1: 7 $ OP2: 3 $ INV: 1 $ CTIME: 690551 $ CLR: 1 $ CGB: 1 $ RGB: 1 $ CFGB: 0 $ RTIME: 1015 $ dbcall success 
learning_data $ EXP: ExpeMag_i1pf $ EXPID: 1622528362 $ ID: it $ TEST: 1 $ SESSION: 0 $ TRIAL: 56 $ P1: 0.75 $ P2: 0.25 $ MAG1: 1 $ MAG2: 1 $ VAL: 1 $ INF: 0 $ OP1: 6 $ OP2: 9 $ INV: 1 $ CTIME: 694073 $ CLR: 1 $ CGB: 1 $ RGB: 1 $ CFGB: 0 $ RTIME: 990 $ dbcall success 
learning_data $ EXP: ExpeMag_i1pf $ EXPID: 1622528362 $ ID: it $ TEST: 1 $ SESSION: 0 $ TRIAL: 57 $ P1: 0.75 $ P2: 0.25 $ MAG1: 1 $ MAG2: 1 $ VAL: 1 $ INF: 0 $ OP1: 6 $ OP2: 9 $ INV: 1 $ CTIME: 697572 $ CLR: 1 $ CGB: 1 $ RGB: 1 $ CFGB: 1 $ RTIME: 859 $ dbcall success 
learning_data $ EXP: ExpeMag_i1pf $ EXPID: 1622528362 $ ID: it $ TEST: 1 $ SESSION: 0 $ TRIAL: 58 $ P1: 0.75 $ P2: 0.25 $ MAG1: 10 $ MAG2: 10 $ VAL: 1 $ INF: 0 $ OP1: 7 $ OP2: 3 $ INV: 0 $ CTIME: 700939 $ CLR: -1 $ CGB: 1 $ RGB: 1 $ CFGB: 0 $ RTIME: 1211 $ dbcall success 
learning_data $ EXP: ExpeMag_i1pf $ EXPID: 1622528362 $ ID: it $ TEST: 1 $ SESSION: 0 $ TRIAL: 59 $ P1: 0.75 $ P2: 0.25 $ MAG1: 10 $ MAG2: 10 $ VAL: 1 $ INF: 0 $ OP1: 7 $ OP2: 3 $ INV: 0 $ CTIME: 704657 $ CLR: -1 $ CGB: 1 $ RGB: 0 $ CFGB: 1 $ RTIME: 901 $ dbcall success 
learning_data $ EXP: ExpeMag_i1pf $ EXPID: 1622528362 $ ID: it $ TEST: 1 $ SESSION: 0 $ TRIAL: 60 $ P1: 0.75 $ P2: 0.25 $ MAG1: 10 $ MAG2: 10 $ VAL: 1 $ INF: 0 $ OP1: 7 $ OP2: 3 $ INV: 1 $ CTIME: 708072 $ CLR: 1 $ CGB: 1 $ RGB: 0 $ CFGB: 0 $ RTIME: 1254 $ dbcall success 
learning_data $ EXP: ExpeMag_i1pf $ EXPID: 1622528362 $ ID: it $ TEST: 1 $ SESSION: 0 $ TRIAL: 61 $ P1: 0.75 $ P2: 0.25 $ MAG1: 10 $ MAG2: 10 $ VAL: 1 $ INF: 0 $ OP1: 4 $ OP2: 5 $ INV: 1 $ CTIME: 711839 $ CLR: -1 $ CGB: 0 $ RGB: 1 $ CFGB: 1 $ RTIME: 1232 $ dbcall success 
learning_data $ EXP: ExpeMag_i1pf $ EXPID: 1622528362 $ ID: it $ TEST: 1 $ SESSION: 0 $ TRIAL: 62 $ P1: 0.75 $ P2: 0.25 $ MAG1: 1 $ MAG2: 1 $ VAL: 1 $ INF: 0 $ OP1: 6 $ OP2: 9 $ INV: 1 $ CTIME: 715580 $ CLR: 1 $ CGB: 1 $ RGB: 0 $ CFGB: 0 $ RTIME: 1747 $ dbcall success 
learning_data $ EXP: ExpeMag_i1pf $ EXPID: 1622528362 $ ID: it $ TEST: 1 $ SESSION: 0 $ TRIAL: 63 $ P1: 0.75 $ P2: 0.25 $ MAG1: 10 $ MAG2: 10 $ VAL: 1 $ INF: 0 $ OP1: 4 $ OP2: 5 $ INV: 1 $ CTIME: 719839 $ CLR: -1 $ CGB: 0 $ RGB: 0 $ CFGB: 0 $ RTIME: 1048 $ dbcall success 
learning_data $ EXP: ExpeMag_i1pf $ EXPID: 1622528362 $ ID: it $ TEST: 1 $ SESSION: 0 $ TRIAL: 64 $ P1: 0.75 $ P2: 0.25 $ MAG1: 1 $ MAG2: 1 $ VAL: 1 $ INF: 0 $ OP1: 6 $ OP2: 9 $ INV: 0 $ CTIME: 723396 $ CLR: -1 $ CGB: 1 $ RGB: 1 $ CFGB: 0 $ RTIME: 795 $ dbcall success 
learning_data $ EXP: ExpeMag_i1pf $ EXPID: 1622528362 $ ID: it $ TEST: 1 $ SESSION: 0 $ TRIAL: 65 $ P1: 0.75 $ P2: 0.25 $ MAG1: 10 $ MAG2: 10 $ VAL: 1 $ INF: 0 $ OP1: 4 $ OP2: 5 $ INV: 0 $ CTIME: 726699 $ CLR: 1 $ CGB: 0 $ RGB: 0 $ CFGB: 1 $ RTIME: 1268 $ dbcall success 
learning_data $ EXP: ExpeMag_i1pf $ EXPID: 1622528362 $ ID: it $ TEST: 1 $ SESSION: 0 $ TRIAL: 66 $ P1: 0.75 $ P2: 0.25 $ MAG1: 10 $ MAG2: 10 $ VAL: 1 $ INF: 0 $ OP1: 4 $ OP2: 5 $ INV: 1 $ CTIME: 730485 $ CLR: -1 $ CGB: 0 $ RGB: 1 $ CFGB: 1 $ RTIME: 1106 $ dbcall success 
learning_data $ EXP: ExpeMag_i1pf $ EXPID: 1622528362 $ ID: it $ TEST: 1 $ SESSION: 0 $ TRIAL: 67 $ P1: 0.75 $ P2: 0.25 $ MAG1: 10 $ MAG2: 10 $ VAL: 1 $ INF: 0 $ OP1: 4 $ OP2: 5 $ INV: 1 $ CTIME: 734100 $ CLR: -1 $ CGB: 0 $ RGB: 0 $ CFGB: 1 $ RTIME: 1042 $ dbcall success 
learning_data $ EXP: ExpeMag_i1pf $ EXPID: 1622528362 $ ID: it $ TEST: 1 $ SESSION: 0 $ TRIAL: 68 $ P1: 0.75 $ P2: 0.25 $ MAG1: 10 $ MAG2: 10 $ VAL: 1 $ INF: 0 $ OP1: 7 $ OP2: 3 $ INV: 0 $ CTIME: 737655 $ CLR: -1 $ CGB: 1 $ RGB: 0 $ CFGB: 1 $ RTIME: 848 $ dbcall success 
learning_data $ EXP: ExpeMag_i1pf $ EXPID: 1622528362 $ ID: it $ TEST: 1 $ SESSION: 0 $ TRIAL: 69 $ P1: 0.75 $ P2: 0.25 $ MAG1: 10 $ MAG2: 10 $ VAL: 1 $ INF: 0 $ OP1: 4 $ OP2: 5 $ INV: 1 $ CTIME: 741017 $ CLR: -1 $ CGB: 0 $ RGB: 0 $ CFGB: 1 $ RTIME: 1062 $ dbcall success 
learning_data $ EXP: ExpeMag_i1pf $ EXPID: 1622528362 $ ID: it $ TEST: 1 $ SESSION: 0 $ TRIAL: 70 $ P1: 0.75 $ P2: 0.25 $ MAG1: 1 $ MAG2: 1 $ VAL: 1 $ INF: 0 $ OP1: 10 $ OP2: 11 $ INV: 0 $ CTIME: 744584 $ CLR: -1 $ CGB: 1 $ RGB: 1 $ CFGB: 0 $ RTIME: 5431 $ dbcall success 
learning_data $ EXP: ExpeMag_i1pf $ EXPID: 1622528362 $ ID: it $ TEST: 1 $ SESSION: 0 $ TRIAL: 71 $ P1: 0.75 $ P2: 0.25 $ MAG1: 10 $ MAG2: 10 $ VAL: 1 $ INF: 0 $ OP1: 7 $ OP2: 3 $ INV: 1 $ CTIME: 752535 $ CLR: 1 $ CGB: 1 $ RGB: 1 $ CFGB: 1 $ RTIME: 1424 $ dbcall success 
learning_data $ EXP: ExpeMag_i1pf $ EXPID: 1622528362 $ ID: it $ TEST: 1 $ SESSION: 0 $ TRIAL: 72 $ P1: 0.75 $ P2: 0.25 $ MAG1: 1 $ MAG2: 1 $ VAL: 1 $ INF: 0 $ OP1: 10 $ OP2: 11 $ INV: 0 $ CTIME: 756466 $ CLR: -1 $ CGB: 1 $ RGB: 1 $ CFGB: 0 $ RTIME: 1837 $ dbcall success 
learning_data $ EXP: ExpeMag_i1pf $ EXPID: 1622528362 $ ID: it $ TEST: 1 $ SESSION: 0 $ TRIAL: 73 $ P1: 0.75 $ P2: 0.25 $ MAG1: 10 $ MAG2: 10 $ VAL: 1 $ INF: 0 $ OP1: 7 $ OP2: 3 $ INV: 1 $ CTIME: 760809 $ CLR: 1 $ CGB: 1 $ RGB: 1 $ CFGB: 0 $ RTIME: 2038 $ dbcall success 
learning_data $ EXP: ExpeMag_i1pf $ EXPID: 1622528362 $ ID: it $ TEST: 1 $ SESSION: 0 $ TRIAL: 74 $ P1: 0.75 $ P2: 0.25 $ MAG1: 1 $ MAG2: 1 $ VAL: 1 $ INF: 0 $ OP1: 10 $ OP2: 11 $ INV: 0 $ CTIME: 765371 $ CLR: -1 $ CGB: 1 $ RGB: 1 $ CFGB: 0 $ RTIME: 876 $ dbcall success 
learning_data $ EXP: ExpeMag_i1pf $ EXPID: 1622528362 $ ID: it $ TEST: 1 $ SESSION: 0 $ TRIAL: 75 $ P1: 0.75 $ P2: 0.25 $ MAG1: 10 $ MAG2: 10 $ VAL: 1 $ INF: 0 $ OP1: 7 $ OP2: 3 $ INV: 0 $ CTIME: 768764 $ CLR: -1 $ CGB: 1 $ RGB: 1 $ CFGB: 0 $ RTIME: 1323 $ dbcall success 
learning_data $ EXP: ExpeMag_i1pf $ EXPID: 1622528362 $ ID: it $ TEST: 1 $ SESSION: 0 $ TRIAL: 76 $ P1: 0.75 $ P2: 0.25 $ MAG1: 10 $ MAG2: 10 $ VAL: 1 $ INF: 0 $ OP1: 4 $ OP2: 5 $ INV: 0 $ CTIME: 772602 $ CLR: 1 $ CGB: 0 $ RGB: 0 $ CFGB: 1 $ RTIME: 1445 $ dbcall success 
learning_data $ EXP: ExpeMag_i1pf $ EXPID: 1622528362 $ ID: it $ TEST: 1 $ SESSION: 0 $ TRIAL: 77 $ P1: 0.75 $ P2: 0.25 $ MAG1: 10 $ MAG2: 10 $ VAL: 1 $ INF: 0 $ OP1: 7 $ OP2: 3 $ INV: 0 $ CTIME: 776554 $ CLR: -1 $ CGB: 1 $ RGB: 1 $ CFGB: 0 $ RTIME: 1149 $ dbcall success 
learning_data $ EXP: ExpeMag_i1pf $ EXPID: 1622528362 $ ID: it $ TEST: 1 $ SESSION: 0 $ TRIAL: 78 $ P1: 0.75 $ P2: 0.25 $ MAG1: 1 $ MAG2: 1 $ VAL: 1 $ INF: 0 $ OP1: 6 $ OP2: 9 $ INV: 1 $ CTIME: 780215 $ CLR: 1 $ CGB: 1 $ RGB: 0 $ CFGB: 0 $ RTIME: 2519 $ dbcall success 
learning_data $ EXP: ExpeMag_i1pf $ EXPID: 1622528362 $ ID: it $ TEST: 1 $ SESSION: 0 $ TRIAL: 79 $ P1: 0.75 $ P2: 0.25 $ MAG1: 1 $ MAG2: 1 $ VAL: 1 $ INF: 0 $ OP1: 6 $ OP2: 9 $ INV: 1 $ CTIME: 785246 $ CLR: 1 $ CGB: 1 $ RGB: 1 $ CFGB: 0 $ RTIME: 1112 $ dbcall success 
learning_data $ EXP: ExpeMag_i1pf $ EXPID: 1622528362 $ ID: it $ TEST: 1 $ SESSION: 0 $ TRIAL: 80 $ P1: 0.75 $ P2: 0.25 $ MAG1: 1 $ MAG2: 1 $ VAL: 1 $ INF: 0 $ OP1: 10 $ OP2: 11 $ INV: 1 $ CTIME: 788865 $ CLR: 1 $ CGB: 1 $ RGB: 1 $ CFGB: 0 $ RTIME: 1501 $ dbcall success 
learning_data $ EXP: ExpeMag_i1pf $ EXPID: 1622528362 $ ID: it $ TEST: 1 $ SESSION: 0 $ TRIAL: 81 $ P1: 0.75 $ P2: 0.25 $ MAG1: 10 $ MAG2: 10 $ VAL: 1 $ INF: 0 $ OP1: 7 $ OP2: 3 $ INV: 0 $ CTIME: 792871 $ CLR: -1 $ CGB: 1 $ RGB: 1 $ CFGB: 0 $ RTIME: 1167 $ dbcall success 
learning_data $ EXP: ExpeMag_i1pf $ EXPID: 1622528362 $ ID: it $ TEST: 1 $ SESSION: 0 $ TRIAL: 82 $ P1: 0.75 $ P2: 0.25 $ MAG1: 1 $ MAG2: 1 $ VAL: 1 $ INF: 0 $ OP1: 6 $ OP2: 9 $ INV: 0 $ CTIME: 796548 $ CLR: -1 $ CGB: 1 $ RGB: 1 $ CFGB: 1 $ RTIME: 3274 $ dbcall success 
learning_data $ EXP: ExpeMag_i1pf $ EXPID: 1622528362 $ ID: it $ TEST: 1 $ SESSION: 0 $ TRIAL: 83 $ P1: 0.75 $ P2: 0.25 $ MAG1: 1 $ MAG2: 1 $ VAL: 1 $ INF: 0 $ OP1: 10 $ OP2: 11 $ INV: 1 $ CTIME: 802337 $ CLR: 1 $ CGB: 1 $ RGB: 0 $ CFGB: 0 $ RTIME: 2182 $ dbcall success 
learning_data $ EXP: ExpeMag_i1pf $ EXPID: 1622528362 $ ID: it $ TEST: 1 $ SESSION: 0 $ TRIAL: 84 $ P1: 0.75 $ P2: 0.25 $ MAG1: 1 $ MAG2: 1 $ VAL: 1 $ INF: 0 $ OP1: 6 $ OP2: 9 $ INV: 0 $ CTIME: 807034 $ CLR: -1 $ CGB: 1 $ RGB: 1 $ CFGB: 0 $ RTIME: 1060 $ dbcall success 
learning_data $ EXP: ExpeMag_i1pf $ EXPID: 1622528362 $ ID: it $ TEST: 1 $ SESSION: 0 $ TRIAL: 85 $ P1: 0.75 $ P2: 0.25 $ MAG1: 10 $ MAG2: 10 $ VAL: 1 $ INF: 0 $ OP1: 7 $ OP2: 3 $ INV: 0 $ CTIME: 810600 $ CLR: -1 $ CGB: 1 $ RGB: 0 $ CFGB: 1 $ RTIME: 742 $ dbcall success 
learning_data $ EXP: ExpeMag_i1pf $ EXPID: 1622528362 $ ID: it $ TEST: 1 $ SESSION: 0 $ TRIAL: 86 $ P1: 0.75 $ P2: 0.25 $ MAG1: 1 $ MAG2: 1 $ VAL: 1 $ INF: 0 $ OP1: 10 $ OP2: 11 $ INV: 1 $ CTIME: 813860 $ CLR: -1 $ CGB: 0 $ RGB: 0 $ CFGB: 1 $ RTIME: 1667 $ dbcall success 
learning_data $ EXP: ExpeMag_i1pf $ EXPID: 1622528362 $ ID: it $ TEST: 1 $ SESSION: 0 $ TRIAL: 87 $ P1: 0.75 $ P2: 0.25 $ MAG1: 10 $ MAG2: 10 $ VAL: 1 $ INF: 0 $ OP1: 4 $ OP2: 5 $ INV: 0 $ CTIME: 818052 $ CLR: 1 $ CGB: 0 $ RGB: 0 $ CFGB: 0 $ RTIME: 1131 $ dbcall success 
learning_data $ EXP: ExpeMag_i1pf $ EXPID: 1622528362 $ ID: it $ TEST: 1 $ SESSION: 0 $ TRIAL: 88 $ P1: 0.75 $ P2: 0.25 $ MAG1: 1 $ MAG2: 1 $ VAL: 1 $ INF: 0 $ OP1: 6 $ OP2: 9 $ INV: 0 $ CTIME: 821701 $ CLR: -1 $ CGB: 1 $ RGB: 1 $ CFGB: 1 $ RTIME: 4713 $ dbcall success 
learning_data $ EXP: ExpeMag_i1pf $ EXPID: 1622528362 $ ID: it $ TEST: 1 $ SESSION: 0 $ TRIAL: 89 $ P1: 0.75 $ P2: 0.25 $ MAG1: 1 $ MAG2: 1 $ VAL: 1 $ INF: 0 $ OP1: 6 $ OP2: 9 $ INV: 1 $ CTIME: 828922 $ CLR: 1 $ CGB: 1 $ RGB: 1 $ CFGB: 0 $ RTIME: 1180 $ dbcall success 
learning_data $ EXP: ExpeMag_i1pf $ EXPID: 1622528362 $ ID: it $ TEST: 1 $ SESSION: 0 $ TRIAL: 90 $ P1: 0.75 $ P2: 0.25 $ MAG1: 10 $ MAG2: 10 $ VAL: 1 $ INF: 0 $ OP1: 7 $ OP2: 3 $ INV: 1 $ CTIME: 832620 $ CLR: 1 $ CGB: 1 $ RGB: 1 $ CFGB: 0 $ RTIME: 1051 $ dbcall success 
learning_data $ EXP: ExpeMag_i1pf $ EXPID: 1622528362 $ ID: it $ TEST: 1 $ SESSION: 0 $ TRIAL: 91 $ P1: 0.75 $ P2: 0.25 $ MAG1: 1 $ MAG2: 1 $ VAL: 1 $ INF: 0 $ OP1: 10 $ OP2: 11 $ INV: 0 $ CTIME: 836179 $ CLR: -1 $ CGB: 1 $ RGB: 1 $ CFGB: 1 $ RTIME: 4102 $ dbcall success 
learning_data $ EXP: ExpeMag_i1pf $ EXPID: 1622528362 $ ID: it $ TEST: 1 $ SESSION: 0 $ TRIAL: 92 $ P1: 0.75 $ P2: 0.25 $ MAG1: 1 $ MAG2: 1 $ VAL: 1 $ INF: 0 $ OP1: 10 $ OP2: 11 $ INV: 0 $ CTIME: 842788 $ CLR: 1 $ CGB: 0 $ RGB: 1 $ CFGB: 1 $ RTIME: 1421 $ dbcall success 
learning_data $ EXP: ExpeMag_i1pf $ EXPID: 1622528362 $ ID: it $ TEST: 1 $ SESSION: 0 $ TRIAL: 93 $ P1: 0.75 $ P2: 0.25 $ MAG1: 10 $ MAG2: 10 $ VAL: 1 $ INF: 0 $ OP1: 7 $ OP2: 3 $ INV: 0 $ CTIME: 846717 $ CLR: -1 $ CGB: 1 $ RGB: 1 $ CFGB: 0 $ RTIME: 1269 $ dbcall success 
learning_data $ EXP: ExpeMag_i1pf $ EXPID: 1622528362 $ ID: it $ TEST: 1 $ SESSION: 0 $ TRIAL: 94 $ P1: 0.75 $ P2: 0.25 $ MAG1: 1 $ MAG2: 1 $ VAL: 1 $ INF: 0 $ OP1: 10 $ OP2: 11 $ INV: 0 $ CTIME: 850502 $ CLR: -1 $ CGB: 1 $ RGB: 1 $ CFGB: 0 $ RTIME: 1140 $ dbcall success 
learning_data $ EXP: ExpeMag_i1pf $ EXPID: 1622528362 $ ID: it $ TEST: 1 $ SESSION: 0 $ TRIAL: 95 $ P1: 0.75 $ P2: 0.25 $ MAG1: 1 $ MAG2: 1 $ VAL: 1 $ INF: 0 $ OP1: 10 $ OP2: 11 $ INV: 0 $ CTIME: 854159 $ CLR: -1 $ CGB: 1 $ RGB: 1 $ CFGB: 0 $ RTIME: 1587 $ dbcall success 
learning_data $ EXP: ExpeMag_i1pf $ EXPID: 1622528362 $ ID: it $ TEST: 1 $ SESSION: 0 $ TRIAL: 96 $ P1: 0.75 $ P2: 0.25 $ MAG1: 10 $ MAG2: 10 $ VAL: 1 $ INF: 0 $ OP1: 7 $ OP2: 3 $ INV: 1 $ CTIME: 858262 $ CLR: 1 $ CGB: 1 $ RGB: 1 $ CFGB: 1 $ RTIME: 17659 $ dbcall success 
learning_data $ EXP: ExpeMag_i1pf $ EXPID: 1622528362 $ ID: it $ TEST: 1 $ SESSION: 0 $ TRIAL: 97 $ P1: 0.75 $ P2: 0.25 $ MAG1: 1 $ MAG2: 1 $ VAL: 1 $ INF: 0 $ OP1: 6 $ OP2: 9 $ INV: 1 $ CTIME: 878431 $ CLR: 1 $ CGB: 1 $ RGB: 0 $ CFGB: 0 $ RTIME: 1562 $ dbcall success 
learning_data $ EXP: ExpeMag_i1pf $ EXPID: 1622528362 $ ID: it $ TEST: 1 $ SESSION: 0 $ TRIAL: 98 $ P1: 0.75 $ P2: 0.25 $ MAG1: 1 $ MAG2: 1 $ VAL: 1 $ INF: 0 $ OP1: 6 $ OP2: 9 $ INV: 1 $ CTIME: 882501 $ CLR: 1 $ CGB: 1 $ RGB: 1 $ CFGB: 0 $ RTIME: 949 $ dbcall success 
learning_data $ EXP: ExpeMag_i1pf $ EXPID: 1622528362 $ ID: it $ TEST: 1 $ SESSION: 0 $ TRIAL: 99 $ P1: 0.75 $ P2: 0.25 $ MAG1: 1 $ MAG2: 1 $ VAL: 1 $ INF: 0 $ OP1: 6 $ OP2: 9 $ INV: 1 $ CTIME: 885975 $ CLR: 1 $ CGB: 1 $ RGB: 1 $ CFGB: 0 $ RTIME: 530 $ dbcall success 
learning_data $ EXP: ExpeMag_i1pf $ EXPID: 1622528362 $ ID: it $ TEST: 1 $ SESSION: 0 $ TRIAL: 100 $ P1: 0.75 $ P2: 0.25 $ MAG1: 10 $ MAG2: 10 $ VAL: 1 $ INF: 0 $ OP1: 7 $ OP2: 3 $ INV: 0 $ CTIME: 889015 $ CLR: -1 $ CGB: 1 $ RGB: 0 $ CFGB: 0 $ RTIME: 1139 $ dbcall success 
learning_data $ EXP: ExpeMag_i1pf $ EXPID: 1622528362 $ ID: it $ TEST: 1 $ SESSION: 0 $ TRIAL: 101 $ P1: 0.75 $ P2: 0.25 $ MAG1: 10 $ MAG2: 10 $ VAL: 1 $ INF: 0 $ OP1: 7 $ OP2: 3 $ INV: 0 $ CTIME: 892664 $ CLR: -1 $ CGB: 1 $ RGB: 1 $ CFGB: 0 $ RTIME: 817 $ dbcall success 
learning_data $ EXP: ExpeMag_i1pf $ EXPID: 1622528362 $ ID: it $ TEST: 1 $ SESSION: 0 $ TRIAL: 102 $ P1: 0.75 $ P2: 0.25 $ MAG1: 1 $ MAG2: 1 $ VAL: 1 $ INF: 0 $ OP1: 6 $ OP2: 9 $ INV: 1 $ CTIME: 895988 $ CLR: 1 $ CGB: 1 $ RGB: 1 $ CFGB: 0 $ RTIME: 1181 $ dbcall success 
learning_data $ EXP: ExpeMag_i1pf $ EXPID: 1622528362 $ ID: it $ TEST: 1 $ SESSION: 0 $ TRIAL: 103 $ P1: 0.75 $ P2: 0.25 $ MAG1: 10 $ MAG2: 10 $ VAL: 1 $ INF: 0 $ OP1: 4 $ OP2: 5 $ INV: 0 $ CTIME: 899689 $ CLR: 1 $ CGB: 0 $ RGB: 0 $ CFGB: 1 $ RTIME: 10461 $ dbcall success 
learning_data $ EXP: ExpeMag_i1pf $ EXPID: 1622528362 $ ID: it $ TEST: 1 $ SESSION: 0 $ TRIAL: 104 $ P1: 0.75 $ P2: 0.25 $ MAG1: 10 $ MAG2: 10 $ VAL: 1 $ INF: 0 $ OP1: 4 $ OP2: 5 $ INV: 1 $ CTIME: 912656 $ CLR: -1 $ CGB: 0 $ RGB: 1 $ CFGB: 1 $ RTIME: 1445 $ dbcall success 
learning_data $ EXP: ExpeMag_i1pf $ EXPID: 1622528362 $ ID: it $ TEST: 1 $ SESSION: 0 $ TRIAL: 105 $ P1: 0.75 $ P2: 0.25 $ MAG1: 1 $ MAG2: 1 $ VAL: 1 $ INF: 0 $ OP1: 6 $ OP2: 9 $ INV: 0 $ CTIME: 916621 $ CLR: -1 $ CGB: 1 $ RGB: 1 $ CFGB: 0 $ RTIME: 2920 $ dbcall success 
learning_data $ EXP: ExpeMag_i1pf $ EXPID: 1622528362 $ ID: it $ TEST: 1 $ SESSION: 0 $ TRIAL: 106 $ P1: 0.75 $ P2: 0.25 $ MAG1: 1 $ MAG2: 1 $ VAL: 1 $ INF: 0 $ OP1: 6 $ OP2: 9 $ INV: 0 $ CTIME: 922054 $ CLR: -1 $ CGB: 1 $ RGB: 1 $ CFGB: 1 $ RTIME: 807 $ dbcall success 
learning_data $ EXP: ExpeMag_i1pf $ EXPID: 1622528362 $ ID: it $ TEST: 1 $ SESSION: 0 $ TRIAL: 107 $ P1: 0.75 $ P2: 0.25 $ MAG1: 1 $ MAG2: 1 $ VAL: 1 $ INF: 0 $ OP1: 10 $ OP2: 11 $ INV: 0 $ CTIME: 925379 $ CLR: -1 $ CGB: 1 $ RGB: 0 $ CFGB: 0 $ RTIME: 842 $ dbcall success 
learning_data $ EXP: ExpeMag_i1pf $ EXPID: 1622528362 $ ID: it $ TEST: 1 $ SESSION: 0 $ TRIAL: 108 $ P1: 0.75 $ P2: 0.25 $ MAG1: 1 $ MAG2: 1 $ VAL: 1 $ INF: 0 $ OP1: 10 $ OP2: 11 $ INV: 1 $ CTIME: 928730 $ CLR: 1 $ CGB: 1 $ RGB: 1 $ CFGB: 1 $ RTIME: 1155 $ dbcall success 
learning_data $ EXP: ExpeMag_i1pf $ EXPID: 1622528362 $ ID: it $ TEST: 1 $ SESSION: 0 $ TRIAL: 109 $ P1: 0.75 $ P2: 0.25 $ MAG1: 1 $ MAG2: 1 $ VAL: 1 $ INF: 0 $ OP1: 10 $ OP2: 11 $ INV: 0 $ CTIME: 932397 $ CLR: -1 $ CGB: 1 $ RGB: 0 $ CFGB: 1 $ RTIME: 968 $ dbcall success 
learning_data $ EXP: ExpeMag_i1pf $ EXPID: 1622528362 $ ID: it $ TEST: 1 $ SESSION: 0 $ TRIAL: 110 $ P1: 0.75 $ P2: 0.25 $ MAG1: 10 $ MAG2: 10 $ VAL: 1 $ INF: 0 $ OP1: 7 $ OP2: 3 $ INV: 0 $ CTIME: 935883 $ CLR: -1 $ CGB: 1 $ RGB: 1 $ CFGB: 0 $ RTIME: 658 $ dbcall success 
learning_data $ EXP: ExpeMag_i1pf $ EXPID: 1622528362 $ ID: it $ TEST: 1 $ SESSION: 0 $ TRIAL: 111 $ P1: 0.75 $ P2: 0.25 $ MAG1: 10 $ MAG2: 10 $ VAL: 1 $ INF: 0 $ OP1: 4 $ OP2: 5 $ INV: 1 $ CTIME: 939062 $ CLR: -1 $ CGB: 0 $ RGB: 0 $ CFGB: 0 $ RTIME: 695 $ dbcall success 
learning_data $ EXP: ExpeMag_i1pf $ EXPID: 1622528362 $ ID: it $ TEST: 1 $ SESSION: 0 $ TRIAL: 112 $ P1: 0.75 $ P2: 0.25 $ MAG1: 1 $ MAG2: 1 $ VAL: 1 $ INF: 0 $ OP1: 6 $ OP2: 9 $ INV: 1 $ CTIME: 942267 $ CLR: -1 $ CGB: 0 $ RGB: 0 $ CFGB: 0 $ RTIME: 1170 $ dbcall success 
learning_data $ EXP: ExpeMag_i1pf $ EXPID: 1622528362 $ ID: it $ TEST: 1 $ SESSION: 0 $ TRIAL: 113 $ P1: 0.75 $ P2: 0.25 $ MAG1: 10 $ MAG2: 10 $ VAL: 1 $ INF: 0 $ OP1: 4 $ OP2: 5 $ INV: 0 $ CTIME: 945946 $ CLR: 1 $ CGB: 0 $ RGB: 0 $ CFGB: 1 $ RTIME: 1227 $ dbcall success 
learning_data $ EXP: ExpeMag_i1pf $ EXPID: 1622528362 $ ID: it $ TEST: 1 $ SESSION: 0 $ TRIAL: 114 $ P1: 0.75 $ P2: 0.25 $ MAG1: 10 $ MAG2: 10 $ VAL: 1 $ INF: 0 $ OP1: 7 $ OP2: 3 $ INV: 0 $ CTIME: 949683 $ CLR: -1 $ CGB: 1 $ RGB: 0 $ CFGB: 1 $ RTIME: 738 $ dbcall success 
learning_data $ EXP: ExpeMag_i1pf $ EXPID: 1622528362 $ ID: it $ TEST: 1 $ SESSION: 0 $ TRIAL: 115 $ P1: 0.75 $ P2: 0.25 $ MAG1: 1 $ MAG2: 1 $ VAL: 1 $ INF: 0 $ OP1: 10 $ OP2: 11 $ INV: 0 $ CTIME: 952934 $ CLR: -1 $ CGB: 1 $ RGB: 0 $ CFGB: 0 $ RTIME: 2903 $ dbcall success 
learning_data $ EXP: ExpeMag_i1pf $ EXPID: 1622528362 $ ID: it $ TEST: 1 $ SESSION: 0 $ TRIAL: 116 $ P1: 0.75 $ P2: 0.25 $ MAG1: 1 $ MAG2: 1 $ VAL: 1 $ INF: 0 $ OP1: 10 $ OP2: 11 $ INV: 0 $ CTIME: 958348 $ CLR: -1 $ CGB: 1 $ RGB: 0 $ CFGB: 1 $ RTIME: 577 $ dbcall success 
learning_data $ EXP: ExpeMag_i1pf $ EXPID: 1622528362 $ ID: it $ TEST: 1 $ SESSION: 0 $ TRIAL: 117 $ P1: 0.75 $ P2: 0.25 $ MAG1: 1 $ MAG2: 1 $ VAL: 1 $ INF: 0 $ OP1: 10 $ OP2: 11 $ INV: 1 $ CTIME: 961443 $ CLR: 1 $ CGB: 1 $ RGB: 1 $ CFGB: 1 $ RTIME: 1170 $ dbcall success 
learning_data $ EXP: ExpeMag_i1pf $ EXPID: 1622528362 $ ID: it $ TEST: 1 $ SESSION: 0 $ TRIAL: 118 $ P1: 0.75 $ P2: 0.25 $ MAG1: 1 $ MAG2: 1 $ VAL: 1 $ INF: 0 $ OP1: 10 $ OP2: 11 $ INV: 0 $ CTIME: 965127 $ CLR: -1 $ CGB: 1 $ RGB: 0 $ CFGB: 0 $ RTIME: 2614 $ dbcall success 
learning_data $ EXP: ExpeMag_i1pf $ EXPID: 1622528362 $ ID: it $ TEST: 1 $ SESSION: 0 $ TRIAL: 119 $ P1: 0.75 $ P2: 0.25 $ MAG1: 1 $ MAG2: 1 $ VAL: 1 $ INF: 0 $ OP1: 6 $ OP2: 9 $ INV: 1 $ CTIME: 970256 $ CLR: 1 $ CGB: 1 $ RGB: 1 $ CFGB: 0 $ RTIME: 1239 $ dbcall success 
learning_data $ EXP: ExpeMag_i1pf $ EXPID: 1622528362 $ ID: it $ TEST: 2 $ SESSION: 0 $ TRIAL: 0 $ P1: 0.75 $ P2: 0.25 $ MAG1: 10 $ MAG2: 1 $ VAL: 0 $ INF: 0 $ OP1: 4 $ OP2: 9 $ INV: 0 $ CTIME: 993401 $ CLR: 1 $ CGB: 0 $ RGB: 0 $ CFGB: 0 $ RTIME: 25686 $ dbcall success 
learning_data $ EXP: ExpeMag_i1pf $ EXPID: 1622528362 $ ID: it $ TEST: 2 $ SESSION: 0 $ TRIAL: 1 $ P1: 0.25 $ P2: 0.25 $ MAG1: 1 $ MAG2: 10 $ VAL: 0 $ INF: 0 $ OP1: 11 $ OP2: 3 $ INV: 0 $ CTIME: 1021593 $ CLR: -1 $ CGB: 1 $ RGB: 0 $ CFGB: 0 $ RTIME: 3398 $ dbcall success 
learning_data $ EXP: ExpeMag_i1pf $ EXPID: 1622528362 $ ID: it $ TEST: 2 $ SESSION: 0 $ TRIAL: 2 $ P1: 0.75 $ P2: 0.25 $ MAG1: 1 $ MAG2: 10 $ VAL: 0 $ INF: 0 $ OP1: 6 $ OP2: 5 $ INV: 0 $ CTIME: 1027509 $ CLR: 1 $ CGB: 0 $ RGB: 0 $ CFGB: 1 $ RTIME: 2544 $ dbcall success 
learning_data $ EXP: ExpeMag_i1pf $ EXPID: 1622528362 $ ID: it $ TEST: 2 $ SESSION: 0 $ TRIAL: 3 $ P1: 0.75 $ P2: 0.75 $ MAG1: 10 $ MAG2: 1 $ VAL: 0 $ INF: 0 $ OP1: 7 $ OP2: 10 $ INV: 0 $ CTIME: 1032559 $ CLR: -1 $ CGB: 1 $ RGB: 0 $ CFGB: 1 $ RTIME: 1038 $ dbcall success 
learning_data $ EXP: ExpeMag_i1pf $ EXPID: 1622528362 $ ID: it $ TEST: 2 $ SESSION: 0 $ TRIAL: 4 $ P1: 0.25 $ P2: 0.75 $ MAG1: 10 $ MAG2: 1 $ VAL: 0 $ INF: 0 $ OP1: 5 $ OP2: 6 $ INV: 0 $ CTIME: 1036102 $ CLR: -1 $ CGB: 1 $ RGB: 0 $ CFGB: 1 $ RTIME: 7662 $ dbcall success 
learning_data $ EXP: ExpeMag_i1pf $ EXPID: 1622528362 $ ID: it $ TEST: 2 $ SESSION: 0 $ TRIAL: 5 $ P1: 0.75 $ P2: 0.25 $ MAG1: 1 $ MAG2: 10 $ VAL: 0 $ INF: 0 $ OP1: 6 $ OP2: 5 $ INV: 0 $ CTIME: 1046280 $ CLR: 1 $ CGB: 0 $ RGB: 0 $ CFGB: 1 $ RTIME: 2356 $ dbcall success 
learning_data $ EXP: ExpeMag_i1pf $ EXPID: 1622528362 $ ID: it $ TEST: 2 $ SESSION: 0 $ TRIAL: 6 $ P1: 0.25 $ P2: 0.75 $ MAG1: 10 $ MAG2: 1 $ VAL: 0 $ INF: 0 $ OP1: 5 $ OP2: 6 $ INV: 1 $ CTIME: 1051143 $ CLR: 1 $ CGB: 1 $ RGB: 0 $ CFGB: 1 $ RTIME: 2317 $ dbcall success 
learning_data $ EXP: ExpeMag_i1pf $ EXPID: 1622528362 $ ID: it $ TEST: 2 $ SESSION: 0 $ TRIAL: 7 $ P1: 0.25 $ P2: 0.25 $ MAG1: 10 $ MAG2: 1 $ VAL: 0 $ INF: 0 $ OP1: 3 $ OP2: 11 $ INV: 1 $ CTIME: 1055981 $ CLR: -1 $ CGB: 0 $ RGB: 0 $ CFGB: 0 $ RTIME: 3304 $ dbcall success 
learning_data $ EXP: ExpeMag_i1pf $ EXPID: 1622528362 $ ID: it $ TEST: 2 $ SESSION: 0 $ TRIAL: 8 $ P1: 0.75 $ P2: 0.75 $ MAG1: 10 $ MAG2: 1 $ VAL: 0 $ INF: 0 $ OP1: 7 $ OP2: 10 $ INV: 1 $ CTIME: 1061797 $ CLR: 1 $ CGB: 1 $ RGB: 0 $ CFGB: 1 $ RTIME: 1583 $ dbcall success 
learning_data $ EXP: ExpeMag_i1pf $ EXPID: 1622528362 $ ID: it $ TEST: 2 $ SESSION: 0 $ TRIAL: 9 $ P1: 0.25 $ P2: 0.75 $ MAG1: 1 $ MAG2: 10 $ VAL: 0 $ INF: 0 $ OP1: 9 $ OP2: 4 $ INV: 1 $ CTIME: 1065900 $ CLR: 1 $ CGB: 1 $ RGB: 0 $ CFGB: 0 $ RTIME: 2520 $ dbcall success 
learning_data $ EXP: ExpeMag_i1pf $ EXPID: 1622528362 $ ID: it $ TEST: 2 $ SESSION: 0 $ TRIAL: 10 $ P1: 0.75 $ P2: 0.25 $ MAG1: 1 $ MAG2: 10 $ VAL: 0 $ INF: 0 $ OP1: 6 $ OP2: 5 $ INV: 1 $ CTIME: 1070934 $ CLR: -1 $ CGB: 0 $ RGB: 0 $ CFGB: 1 $ RTIME: 1030 $ dbcall success 
learning_data $ EXP: ExpeMag_i1pf $ EXPID: 1622528362 $ ID: it $ TEST: 2 $ SESSION: 0 $ TRIAL: 11 $ P1: 0.25 $ P2: 0.75 $ MAG1: 1 $ MAG2: 10 $ VAL: 0 $ INF: 0 $ OP1: 9 $ OP2: 4 $ INV: 1 $ CTIME: 1074483 $ CLR: 1 $ CGB: 1 $ RGB: 0 $ CFGB: 0 $ RTIME: 9233 $ dbcall success 
learning_data $ EXP: ExpeMag_i1pf $ EXPID: 1622528362 $ ID: it $ TEST: 2 $ SESSION: 0 $ TRIAL: 12 $ P1: 0.25 $ P2: 0.25 $ MAG1: 1 $ MAG2: 10 $ VAL: 0 $ INF: 0 $ OP1: 11 $ OP2: 3 $ INV: 1 $ CTIME: 1086229 $ CLR: 1 $ CGB: 1 $ RGB: 0 $ CFGB: 0 $ RTIME: 1783 $ dbcall success 
learning_data $ EXP: ExpeMag_i1pf $ EXPID: 1622528362 $ ID: it $ TEST: 2 $ SESSION: 0 $ TRIAL: 13 $ P1: 0.25 $ P2: 0.25 $ MAG1: 1 $ MAG2: 10 $ VAL: 0 $ INF: 0 $ OP1: 11 $ OP2: 3 $ INV: 0 $ CTIME: 1090545 $ CLR: -1 $ CGB: 1 $ RGB: 0 $ CFGB: 0 $ RTIME: 958 $ dbcall success 
learning_data $ EXP: ExpeMag_i1pf $ EXPID: 1622528362 $ ID: it $ TEST: 2 $ SESSION: 0 $ TRIAL: 14 $ P1: 0.25 $ P2: 0.25 $ MAG1: 10 $ MAG2: 1 $ VAL: 0 $ INF: 0 $ OP1: 3 $ OP2: 11 $ INV: 1 $ CTIME: 1094016 $ CLR: 1 $ CGB: 1 $ RGB: 0 $ CFGB: 0 $ RTIME: 1975 $ dbcall success 
learning_data $ EXP: ExpeMag_i1pf $ EXPID: 1622528362 $ ID: it $ TEST: 2 $ SESSION: 0 $ TRIAL: 15 $ P1: 0.75 $ P2: 0.25 $ MAG1: 10 $ MAG2: 1 $ VAL: 0 $ INF: 0 $ OP1: 4 $ OP2: 9 $ INV: 1 $ CTIME: 1098503 $ CLR: 1 $ CGB: 1 $ RGB: 0 $ CFGB: 0 $ RTIME: 1375 $ dbcall success 
learning_data $ EXP: ExpeMag_i1pf $ EXPID: 1622528362 $ ID: it $ TEST: 2 $ SESSION: 0 $ TRIAL: 16 $ P1: 0.75 $ P2: 0.75 $ MAG1: 10 $ MAG2: 1 $ VAL: 0 $ INF: 0 $ OP1: 7 $ OP2: 10 $ INV: 1 $ CTIME: 1102403 $ CLR: 1 $ CGB: 1 $ RGB: 0 $ CFGB: 1 $ RTIME: 1748 $ dbcall success 
learning_data $ EXP: ExpeMag_i1pf $ EXPID: 1622528362 $ ID: it $ TEST: 2 $ SESSION: 0 $ TRIAL: 17 $ P1: 0.75 $ P2: 0.75 $ MAG1: 10 $ MAG2: 1 $ VAL: 0 $ INF: 0 $ OP1: 7 $ OP2: 10 $ INV: 1 $ CTIME: 1106657 $ CLR: 1 $ CGB: 1 $ RGB: 0 $ CFGB: 1 $ RTIME: 1309 $ dbcall success 
learning_data $ EXP: ExpeMag_i1pf $ EXPID: 1622528362 $ ID: it $ TEST: 2 $ SESSION: 0 $ TRIAL: 18 $ P1: 0.25 $ P2: 0.75 $ MAG1: 1 $ MAG2: 10 $ VAL: 0 $ INF: 0 $ OP1: 9 $ OP2: 4 $ INV: 0 $ CTIME: 1110473 $ CLR: 1 $ CGB: 0 $ RGB: 0 $ CFGB: 0 $ RTIME: 4501 $ dbcall success 
learning_data $ EXP: ExpeMag_i1pf $ EXPID: 1622528362 $ ID: it $ TEST: 2 $ SESSION: 0 $ TRIAL: 19 $ P1: 0.75 $ P2: 0.25 $ MAG1: 10 $ MAG2: 1 $ VAL: 0 $ INF: 0 $ OP1: 4 $ OP2: 9 $ INV: 1 $ CTIME: 1117493 $ CLR: 1 $ CGB: 1 $ RGB: 0 $ CFGB: 1 $ RTIME: 3985 $ dbcall success 
learning_data $ EXP: ExpeMag_i1pf $ EXPID: 1622528362 $ ID: it $ TEST: 2 $ SESSION: 0 $ TRIAL: 20 $ P1: 0.75 $ P2: 0.75 $ MAG1: 1 $ MAG2: 10 $ VAL: 0 $ INF: 0 $ OP1: 10 $ OP2: 7 $ INV: 1 $ CTIME: 1123992 $ CLR: -1 $ CGB: 0 $ RGB: 0 $ CFGB: 0 $ RTIME: 4167 $ dbcall success 
learning_data $ EXP: ExpeMag_i1pf $ EXPID: 1622528362 $ ID: it $ TEST: 2 $ SESSION: 0 $ TRIAL: 21 $ P1: 0.75 $ P2: 0.75 $ MAG1: 10 $ MAG2: 1 $ VAL: 0 $ INF: 0 $ OP1: 7 $ OP2: 10 $ INV: 1 $ CTIME: 1130664 $ CLR: 1 $ CGB: 1 $ RGB: 0 $ CFGB: 1 $ RTIME: 1023 $ dbcall success 
learning_data $ EXP: ExpeMag_i1pf $ EXPID: 1622528362 $ ID: it $ TEST: 2 $ SESSION: 0 $ TRIAL: 22 $ P1: 0.25 $ P2: 0.75 $ MAG1: 10 $ MAG2: 1 $ VAL: 0 $ INF: 0 $ OP1: 5 $ OP2: 6 $ INV: 0 $ CTIME: 1134199 $ CLR: -1 $ CGB: 1 $ RGB: 0 $ CFGB: 1 $ RTIME: 3936 $ dbcall success 
learning_data $ EXP: ExpeMag_i1pf $ EXPID: 1622528362 $ ID: it $ TEST: 2 $ SESSION: 0 $ TRIAL: 23 $ P1: 0.75 $ P2: 0.75 $ MAG1: 1 $ MAG2: 10 $ VAL: 0 $ INF: 0 $ OP1: 10 $ OP2: 7 $ INV: 1 $ CTIME: 1140640 $ CLR: -1 $ CGB: 0 $ RGB: 0 $ CFGB: 1 $ RTIME: 4679 $ dbcall success 
learning_data $ EXP: ExpeMag_i1pf $ EXPID: 1622528362 $ ID: it $ TEST: 2 $ SESSION: 0 $ TRIAL: 24 $ P1: 0.25 $ P2: 0.25 $ MAG1: 1 $ MAG2: 10 $ VAL: 0 $ INF: 0 $ OP1: 11 $ OP2: 3 $ INV: 0 $ CTIME: 1147824 $ CLR: -1 $ CGB: 1 $ RGB: 0 $ CFGB: 0 $ RTIME: 1198 $ dbcall success 
learning_data $ EXP: ExpeMag_i1pf $ EXPID: 1622528362 $ ID: it $ TEST: 2 $ SESSION: 0 $ TRIAL: 25 $ P1: 0.25 $ P2: 0.75 $ MAG1: 1 $ MAG2: 10 $ VAL: 0 $ INF: 0 $ OP1: 9 $ OP2: 4 $ INV: 1 $ CTIME: 1151528 $ CLR: -1 $ CGB: 0 $ RGB: 0 $ CFGB: 0 $ RTIME: 1398 $ dbcall success 
learning_data $ EXP: ExpeMag_i1pf $ EXPID: 1622528362 $ ID: it $ TEST: 2 $ SESSION: 0 $ TRIAL: 26 $ P1: 0.75 $ P2: 0.75 $ MAG1: 1 $ MAG2: 10 $ VAL: 0 $ INF: 0 $ OP1: 10 $ OP2: 7 $ INV: 1 $ CTIME: 1155434 $ CLR: -1 $ CGB: 0 $ RGB: 0 $ CFGB: 1 $ RTIME: 3061 $ dbcall success 
learning_data $ EXP: ExpeMag_i1pf $ EXPID: 1622528362 $ ID: it $ TEST: 2 $ SESSION: 0 $ TRIAL: 27 $ P1: 0.25 $ P2: 0.25 $ MAG1: 10 $ MAG2: 1 $ VAL: 0 $ INF: 0 $ OP1: 3 $ OP2: 11 $ INV: 0 $ CTIME: 1161005 $ CLR: 1 $ CGB: 0 $ RGB: 0 $ CFGB: 0 $ RTIME: 1594 $ dbcall success 
learning_data $ EXP: ExpeMag_i1pf $ EXPID: 1622528362 $ ID: it $ TEST: 2 $ SESSION: 0 $ TRIAL: 28 $ P1: 0.25 $ P2: 0.75 $ MAG1: 1 $ MAG2: 10 $ VAL: 0 $ INF: 0 $ OP1: 9 $ OP2: 4 $ INV: 0 $ CTIME: 1165109 $ CLR: 1 $ CGB: 0 $ RGB: 0 $ CFGB: 0 $ RTIME: 1074 $ dbcall success 
learning_data $ EXP: ExpeMag_i1pf $ EXPID: 1622528362 $ ID: it $ TEST: 2 $ SESSION: 0 $ TRIAL: 29 $ P1: 0.75 $ P2: 0.75 $ MAG1: 1 $ MAG2: 10 $ VAL: 0 $ INF: 0 $ OP1: 10 $ OP2: 7 $ INV: 0 $ CTIME: 1168694 $ CLR: 1 $ CGB: 0 $ RGB: 0 $ CFGB: 1 $ RTIME: 1296 $ dbcall success 
learning_data $ EXP: ExpeMag_i1pf $ EXPID: 1622528362 $ ID: it $ TEST: 2 $ SESSION: 0 $ TRIAL: 30 $ P1: 0.75 $ P2: 0.75 $ MAG1: 1 $ MAG2: 10 $ VAL: 0 $ INF: 0 $ OP1: 10 $ OP2: 7 $ INV: 0 $ CTIME: 1172505 $ CLR: 1 $ CGB: 0 $ RGB: 0 $ CFGB: 1 $ RTIME: 901 $ dbcall success 
learning_data $ EXP: ExpeMag_i1pf $ EXPID: 1622528362 $ ID: it $ TEST: 2 $ SESSION: 0 $ TRIAL: 31 $ P1: 0.25 $ P2: 0.75 $ MAG1: 10 $ MAG2: 1 $ VAL: 0 $ INF: 0 $ OP1: 5 $ OP2: 6 $ INV: 0 $ CTIME: 1175924 $ CLR: 1 $ CGB: 0 $ RGB: 0 $ CFGB: 0 $ RTIME: 2986 $ dbcall success 
learning_data $ EXP: ExpeMag_i1pf $ EXPID: 1622528362 $ ID: it $ TEST: 2 $ SESSION: 0 $ TRIAL: 32 $ P1: 0.25 $ P2: 0.75 $ MAG1: 1 $ MAG2: 10 $ VAL: 0 $ INF: 0 $ OP1: 9 $ OP2: 4 $ INV: 1 $ CTIME: 1181430 $ CLR: -1 $ CGB: 0 $ RGB: 0 $ CFGB: 1 $ RTIME: 1280 $ dbcall success 
learning_data $ EXP: ExpeMag_i1pf $ EXPID: 1622528362 $ ID: it $ TEST: 2 $ SESSION: 0 $ TRIAL: 33 $ P1: 0.25 $ P2: 0.75 $ MAG1: 10 $ MAG2: 1 $ VAL: 0 $ INF: 0 $ OP1: 5 $ OP2: 6 $ INV: 1 $ CTIME: 1185224 $ CLR: -1 $ CGB: 0 $ RGB: 0 $ CFGB: 0 $ RTIME: 2006 $ dbcall success 
learning_data $ EXP: ExpeMag_i1pf $ EXPID: 1622528362 $ ID: it $ TEST: 2 $ SESSION: 0 $ TRIAL: 34 $ P1: 0.75 $ P2: 0.75 $ MAG1: 10 $ MAG2: 1 $ VAL: 0 $ INF: 0 $ OP1: 7 $ OP2: 10 $ INV: 0 $ CTIME: 1189751 $ CLR: -1 $ CGB: 1 $ RGB: 0 $ CFGB: 1 $ RTIME: 1343 $ dbcall success 
learning_data $ EXP: ExpeMag_i1pf $ EXPID: 1622528362 $ ID: it $ TEST: 2 $ SESSION: 0 $ TRIAL: 35 $ P1: 0.75 $ P2: 0.25 $ MAG1: 1 $ MAG2: 10 $ VAL: 0 $ INF: 0 $ OP1: 6 $ OP2: 5 $ INV: 1 $ CTIME: 1193602 $ CLR: 1 $ CGB: 1 $ RGB: 0 $ CFGB: 0 $ RTIME: 1980 $ dbcall success 
learning_data $ EXP: ExpeMag_i1pf $ EXPID: 1622528362 $ ID: it $ TEST: 2 $ SESSION: 0 $ TRIAL: 36 $ P1: 0.25 $ P2: 0.25 $ MAG1: 10 $ MAG2: 1 $ VAL: 0 $ INF: 0 $ OP1: 3 $ OP2: 11 $ INV: 1 $ CTIME: 1198091 $ CLR: 1 $ CGB: 1 $ RGB: 0 $ CFGB: 0 $ RTIME: 1443 $ dbcall success 
learning_data $ EXP: ExpeMag_i1pf $ EXPID: 1622528362 $ ID: it $ TEST: 2 $ SESSION: 0 $ TRIAL: 37 $ P1: 0.25 $ P2: 0.25 $ MAG1: 1 $ MAG2: 10 $ VAL: 0 $ INF: 0 $ OP1: 11 $ OP2: 3 $ INV: 1 $ CTIME: 1202054 $ CLR: -1 $ CGB: 0 $ RGB: 0 $ CFGB: 0 $ RTIME: 1760 $ dbcall success 
learning_data $ EXP: ExpeMag_i1pf $ EXPID: 1622528362 $ ID: it $ TEST: 2 $ SESSION: 0 $ TRIAL: 38 $ P1: 0.75 $ P2: 0.25 $ MAG1: 10 $ MAG2: 1 $ VAL: 0 $ INF: 0 $ OP1: 4 $ OP2: 9 $ INV: 0 $ CTIME: 1206322 $ CLR: -1 $ CGB: 1 $ RGB: 0 $ CFGB: 0 $ RTIME: 1084 $ dbcall success 
learning_data $ EXP: ExpeMag_i1pf $ EXPID: 1622528362 $ ID: it $ TEST: 2 $ SESSION: 0 $ TRIAL: 39 $ P1: 0.25 $ P2: 0.75 $ MAG1: 10 $ MAG2: 1 $ VAL: 0 $ INF: 0 $ OP1: 5 $ OP2: 6 $ INV: 0 $ CTIME: 1209921 $ CLR: 1 $ CGB: 0 $ RGB: 0 $ CFGB: 0 $ RTIME: 1784 $ dbcall success 
learning_data $ EXP: ExpeMag_i1pf $ EXPID: 1622528362 $ ID: it $ TEST: 2 $ SESSION: 0 $ TRIAL: 40 $ P1: 0.25 $ P2: 0.75 $ MAG1: 10 $ MAG2: 1 $ VAL: 0 $ INF: 0 $ OP1: 5 $ OP2: 6 $ INV: 1 $ CTIME: 1214211 $ CLR: -1 $ CGB: 0 $ RGB: 0 $ CFGB: 0 $ RTIME: 1269 $ dbcall success 
learning_data $ EXP: ExpeMag_i1pf $ EXPID: 1622528362 $ ID: it $ TEST: 2 $ SESSION: 0 $ TRIAL: 41 $ P1: 0.25 $ P2: 0.25 $ MAG1: 10 $ MAG2: 1 $ VAL: 0 $ INF: 0 $ OP1: 3 $ OP2: 11 $ INV: 1 $ CTIME: 1218000 $ CLR: 1 $ CGB: 1 $ RGB: 0 $ CFGB: 0 $ RTIME: 3537 $ dbcall success 
learning_data $ EXP: ExpeMag_i1pf $ EXPID: 1622528362 $ ID: it $ TEST: 2 $ SESSION: 0 $ TRIAL: 42 $ P1: 0.25 $ P2: 0.75 $ MAG1: 1 $ MAG2: 10 $ VAL: 0 $ INF: 0 $ OP1: 9 $ OP2: 4 $ INV: 1 $ CTIME: 1224050 $ CLR: -1 $ CGB: 0 $ RGB: 0 $ CFGB: 0 $ RTIME: 846 $ dbcall success 
learning_data $ EXP: ExpeMag_i1pf $ EXPID: 1622528362 $ ID: it $ TEST: 2 $ SESSION: 0 $ TRIAL: 43 $ P1: 0.75 $ P2: 0.75 $ MAG1: 10 $ MAG2: 1 $ VAL: 0 $ INF: 0 $ OP1: 7 $ OP2: 10 $ INV: 0 $ CTIME: 1227406 $ CLR: -1 $ CGB: 1 $ RGB: 0 $ CFGB: 1 $ RTIME: 802 $ dbcall success 
learning_data $ EXP: ExpeMag_i1pf $ EXPID: 1622528362 $ ID: it $ TEST: 2 $ SESSION: 0 $ TRIAL: 44 $ P1: 0.25 $ P2: 0.75 $ MAG1: 1 $ MAG2: 10 $ VAL: 0 $ INF: 0 $ OP1: 9 $ OP2: 4 $ INV: 0 $ CTIME: 1230720 $ CLR: 1 $ CGB: 0 $ RGB: 0 $ CFGB: 0 $ RTIME: 1257 $ dbcall success 
learning_data $ EXP: ExpeMag_i1pf $ EXPID: 1622528362 $ ID: it $ TEST: 2 $ SESSION: 0 $ TRIAL: 45 $ P1: 0.25 $ P2: 0.25 $ MAG1: 1 $ MAG2: 10 $ VAL: 0 $ INF: 0 $ OP1: 11 $ OP2: 3 $ INV: 0 $ CTIME: 1234494 $ CLR: -1 $ CGB: 1 $ RGB: 0 $ CFGB: 0 $ RTIME: 1755 $ dbcall success 
learning_data $ EXP: ExpeMag_i1pf $ EXPID: 1622528362 $ ID: it $ TEST: 2 $ SESSION: 0 $ TRIAL: 46 $ P1: 0.25 $ P2: 0.75 $ MAG1: 10 $ MAG2: 1 $ VAL: 0 $ INF: 0 $ OP1: 5 $ OP2: 6 $ INV: 0 $ CTIME: 1238759 $ CLR: 1 $ CGB: 0 $ RGB: 0 $ CFGB: 0 $ RTIME: 1426 $ dbcall success 
learning_data $ EXP: ExpeMag_i1pf $ EXPID: 1622528362 $ ID: it $ TEST: 2 $ SESSION: 0 $ TRIAL: 47 $ P1: 0.25 $ P2: 0.75 $ MAG1: 1 $ MAG2: 10 $ VAL: 0 $ INF: 0 $ OP1: 9 $ OP2: 4 $ INV: 1 $ CTIME: 1242694 $ CLR: -1 $ CGB: 0 $ RGB: 0 $ CFGB: 1 $ RTIME: 987 $ dbcall success 
learning_data $ EXP: ExpeMag_i1pf $ EXPID: 1622528362 $ ID: it $ TEST: 2 $ SESSION: 0 $ TRIAL: 48 $ P1: 0.75 $ P2: 0.25 $ MAG1: 1 $ MAG2: 10 $ VAL: 0 $ INF: 0 $ OP1: 6 $ OP2: 5 $ INV: 0 $ CTIME: 1246193 $ CLR: -1 $ CGB: 1 $ RGB: 0 $ CFGB: 0 $ RTIME: 10735 $ dbcall success 
learning_data $ EXP: ExpeMag_i1pf $ EXPID: 1622528362 $ ID: it $ TEST: 2 $ SESSION: 0 $ TRIAL: 49 $ P1: 0.75 $ P2: 0.25 $ MAG1: 10 $ MAG2: 1 $ VAL: 0 $ INF: 0 $ OP1: 4 $ OP2: 9 $ INV: 0 $ CTIME: 1259443 $ CLR: -1 $ CGB: 1 $ RGB: 0 $ CFGB: 1 $ RTIME: 7981 $ dbcall success 
learning_data $ EXP: ExpeMag_i1pf $ EXPID: 1622528362 $ ID: it $ TEST: 2 $ SESSION: 0 $ TRIAL: 50 $ P1: 0.25 $ P2: 0.75 $ MAG1: 1 $ MAG2: 10 $ VAL: 0 $ INF: 0 $ OP1: 9 $ OP2: 4 $ INV: 1 $ CTIME: 1269943 $ CLR: -1 $ CGB: 0 $ RGB: 0 $ CFGB: 0 $ RTIME: 2007 $ dbcall success 
learning_data $ EXP: ExpeMag_i1pf $ EXPID: 1622528362 $ ID: it $ TEST: 2 $ SESSION: 0 $ TRIAL: 51 $ P1: 0.75 $ P2: 0.75 $ MAG1: 1 $ MAG2: 10 $ VAL: 0 $ INF: 0 $ OP1: 10 $ OP2: 7 $ INV: 1 $ CTIME: 1274472 $ CLR: -1 $ CGB: 0 $ RGB: 0 $ CFGB: 1 $ RTIME: 2023 $ dbcall success 
learning_data $ EXP: ExpeMag_i1pf $ EXPID: 1622528362 $ ID: it $ TEST: 2 $ SESSION: 0 $ TRIAL: 52 $ P1: 0.25 $ P2: 0.25 $ MAG1: 10 $ MAG2: 1 $ VAL: 0 $ INF: 0 $ OP1: 3 $ OP2: 11 $ INV: 0 $ CTIME: 1279005 $ CLR: 1 $ CGB: 0 $ RGB: 0 $ CFGB: 0 $ RTIME: 7362 $ dbcall success 
learning_data $ EXP: ExpeMag_i1pf $ EXPID: 1622528362 $ ID: it $ TEST: 2 $ SESSION: 0 $ TRIAL: 53 $ P1: 0.25 $ P2: 0.25 $ MAG1: 1 $ MAG2: 10 $ VAL: 0 $ INF: 0 $ OP1: 11 $ OP2: 3 $ INV: 1 $ CTIME: 1288883 $ CLR: -1 $ CGB: 0 $ RGB: 0 $ CFGB: 0 $ RTIME: 1299 $ dbcall success 
learning_data $ EXP: ExpeMag_i1pf $ EXPID: 1622528362 $ ID: it $ TEST: 2 $ SESSION: 0 $ TRIAL: 54 $ P1: 0.25 $ P2: 0.75 $ MAG1: 10 $ MAG2: 1 $ VAL: 0 $ INF: 0 $ OP1: 5 $ OP2: 6 $ INV: 1 $ CTIME: 1292697 $ CLR: -1 $ CGB: 0 $ RGB: 0 $ CFGB: 0 $ RTIME: 19238 $ dbcall success 
learning_data $ EXP: ExpeMag_i1pf $ EXPID: 1622528362 $ ID: it $ TEST: 2 $ SESSION: 0 $ TRIAL: 55 $ P1: 0.75 $ P2: 0.75 $ MAG1: 1 $ MAG2: 10 $ VAL: 0 $ INF: 0 $ OP1: 10 $ OP2: 7 $ INV: 1 $ CTIME: 1314447 $ CLR: -1 $ CGB: 0 $ RGB: 0 $ CFGB: 0 $ RTIME: 768 $ dbcall success 
learning_data $ EXP: ExpeMag_i1pf $ EXPID: 1622528362 $ ID: it $ TEST: 2 $ SESSION: 0 $ TRIAL: 56 $ P1: 0.75 $ P2: 0.25 $ MAG1: 1 $ MAG2: 10 $ VAL: 0 $ INF: 0 $ OP1: 6 $ OP2: 5 $ INV: 0 $ CTIME: 1317734 $ CLR: 1 $ CGB: 0 $ RGB: 0 $ CFGB: 0 $ RTIME: 2257 $ dbcall success 
learning_data $ EXP: ExpeMag_i1pf $ EXPID: 1622528362 $ ID: it $ TEST: 2 $ SESSION: 0 $ TRIAL: 57 $ P1: 0.25 $ P2: 0.75 $ MAG1: 10 $ MAG2: 1 $ VAL: 0 $ INF: 0 $ OP1: 5 $ OP2: 6 $ INV: 0 $ CTIME: 1322501 $ CLR: -1 $ CGB: 1 $ RGB: 0 $ CFGB: 1 $ RTIME: 2929 $ dbcall success 
learning_data $ EXP: ExpeMag_i1pf $ EXPID: 1622528362 $ ID: it $ TEST: 2 $ SESSION: 0 $ TRIAL: 58 $ P1: 0.25 $ P2: 0.25 $ MAG1: 1 $ MAG2: 10 $ VAL: 0 $ INF: 0 $ OP1: 11 $ OP2: 3 $ INV: 0 $ CTIME: 1327950 $ CLR: -1 $ CGB: 1 $ RGB: 0 $ CFGB: 0 $ RTIME: 1552 $ dbcall success 
learning_data $ EXP: ExpeMag_i1pf $ EXPID: 1622528362 $ ID: it $ TEST: 2 $ SESSION: 0 $ TRIAL: 59 $ P1: 0.75 $ P2: 0.25 $ MAG1: 1 $ MAG2: 10 $ VAL: 0 $ INF: 0 $ OP1: 6 $ OP2: 5 $ INV: 1 $ CTIME: 1332023 $ CLR: -1 $ CGB: 0 $ RGB: 0 $ CFGB: 0 $ RTIME: 751 $ dbcall success 
learning_data $ EXP: ExpeMag_i1pf $ EXPID: 1622528362 $ ID: it $ TEST: 2 $ SESSION: 0 $ TRIAL: 60 $ P1: 0.75 $ P2: 0.25 $ MAG1: 10 $ MAG2: 1 $ VAL: 0 $ INF: 0 $ OP1: 4 $ OP2: 9 $ INV: 1 $ CTIME: 1335280 $ CLR: 1 $ CGB: 1 $ RGB: 0 $ CFGB: 0 $ RTIME: 902 $ dbcall success 
learning_data $ EXP: ExpeMag_i1pf $ EXPID: 1622528362 $ ID: it $ TEST: 2 $ SESSION: 0 $ TRIAL: 61 $ P1: 0.75 $ P2: 0.75 $ MAG1: 1 $ MAG2: 10 $ VAL: 0 $ INF: 0 $ OP1: 10 $ OP2: 7 $ INV: 0 $ CTIME: 1338690 $ CLR: 1 $ CGB: 0 $ RGB: 0 $ CFGB: 0 $ RTIME: 1269 $ dbcall success 
learning_data $ EXP: ExpeMag_i1pf $ EXPID: 1622528362 $ ID: it $ TEST: 2 $ SESSION: 0 $ TRIAL: 62 $ P1: 0.75 $ P2: 0.25 $ MAG1: 1 $ MAG2: 10 $ VAL: 0 $ INF: 0 $ OP1: 6 $ OP2: 5 $ INV: 0 $ CTIME: 1342468 $ CLR: 1 $ CGB: 0 $ RGB: 0 $ CFGB: 1 $ RTIME: 1219 $ dbcall success 
learning_data $ EXP: ExpeMag_i1pf $ EXPID: 1622528362 $ ID: it $ TEST: 2 $ SESSION: 0 $ TRIAL: 63 $ P1: 0.75 $ P2: 0.25 $ MAG1: 1 $ MAG2: 10 $ VAL: 0 $ INF: 0 $ OP1: 6 $ OP2: 5 $ INV: 0 $ CTIME: 1346192 $ CLR: 1 $ CGB: 0 $ RGB: 0 $ CFGB: 0 $ RTIME: 863 $ dbcall success 
learning_data $ EXP: ExpeMag_i1pf $ EXPID: 1622528362 $ ID: it $ TEST: 2 $ SESSION: 0 $ TRIAL: 64 $ P1: 0.75 $ P2: 0.25 $ MAG1: 10 $ MAG2: 1 $ VAL: 0 $ INF: 0 $ OP1: 4 $ OP2: 9 $ INV: 1 $ CTIME: 1349563 $ CLR: 1 $ CGB: 1 $ RGB: 0 $ CFGB: 0 $ RTIME: 939 $ dbcall success 
learning_data $ EXP: ExpeMag_i1pf $ EXPID: 1622528362 $ ID: it $ TEST: 2 $ SESSION: 0 $ TRIAL: 65 $ P1: 0.75 $ P2: 0.75 $ MAG1: 10 $ MAG2: 1 $ VAL: 0 $ INF: 0 $ OP1: 7 $ OP2: 10 $ INV: 0 $ CTIME: 1353016 $ CLR: -1 $ CGB: 1 $ RGB: 0 $ CFGB: 1 $ RTIME: 1030 $ dbcall success 
learning_data $ EXP: ExpeMag_i1pf $ EXPID: 1622528362 $ ID: it $ TEST: 2 $ SESSION: 0 $ TRIAL: 66 $ P1: 0.75 $ P2: 0.25 $ MAG1: 1 $ MAG2: 10 $ VAL: 0 $ INF: 0 $ OP1: 6 $ OP2: 5 $ INV: 0 $ CTIME: 1356553 $ CLR: 1 $ CGB: 0 $ RGB: 0 $ CFGB: 1 $ RTIME: 1013 $ dbcall success 
learning_data $ EXP: ExpeMag_i1pf $ EXPID: 1622528362 $ ID: it $ TEST: 2 $ SESSION: 0 $ TRIAL: 67 $ P1: 0.25 $ P2: 0.25 $ MAG1: 10 $ MAG2: 1 $ VAL: 0 $ INF: 0 $ OP1: 3 $ OP2: 11 $ INV: 0 $ CTIME: 1360086 $ CLR: 1 $ CGB: 0 $ RGB: 0 $ CFGB: 0 $ RTIME: 1312 $ dbcall success 
learning_data $ EXP: ExpeMag_i1pf $ EXPID: 1622528362 $ ID: it $ TEST: 2 $ SESSION: 0 $ TRIAL: 68 $ P1: 0.25 $ P2: 0.25 $ MAG1: 1 $ MAG2: 10 $ VAL: 0 $ INF: 0 $ OP1: 11 $ OP2: 3 $ INV: 0 $ CTIME: 1363906 $ CLR: -1 $ CGB: 1 $ RGB: 0 $ CFGB: 0 $ RTIME: 1180 $ dbcall success 
learning_data $ EXP: ExpeMag_i1pf $ EXPID: 1622528362 $ ID: it $ TEST: 2 $ SESSION: 0 $ TRIAL: 69 $ P1: 0.25 $ P2: 0.25 $ MAG1: 10 $ MAG2: 1 $ VAL: 0 $ INF: 0 $ OP1: 3 $ OP2: 11 $ INV: 1 $ CTIME: 1367601 $ CLR: -1 $ CGB: 0 $ RGB: 0 $ CFGB: 0 $ RTIME: 902 $ dbcall success 
learning_data $ EXP: ExpeMag_i1pf $ EXPID: 1622528362 $ ID: it $ TEST: 2 $ SESSION: 0 $ TRIAL: 70 $ P1: 0.25 $ P2: 0.75 $ MAG1: 10 $ MAG2: 1 $ VAL: 0 $ INF: 0 $ OP1: 5 $ OP2: 6 $ INV: 0 $ CTIME: 1371009 $ CLR: -1 $ CGB: 1 $ RGB: 0 $ CFGB: 0 $ RTIME: 1277 $ dbcall success 
learning_data $ EXP: ExpeMag_i1pf $ EXPID: 1622528362 $ ID: it $ TEST: 2 $ SESSION: 0 $ TRIAL: 71 $ P1: 0.25 $ P2: 0.25 $ MAG1: 1 $ MAG2: 10 $ VAL: 0 $ INF: 0 $ OP1: 11 $ OP2: 3 $ INV: 0 $ CTIME: 1374795 $ CLR: -1 $ CGB: 1 $ RGB: 0 $ CFGB: 0 $ RTIME: 1284 $ dbcall success 
learning_data $ EXP: ExpeMag_i1pf $ EXPID: 1622528362 $ ID: it $ TEST: 2 $ SESSION: 0 $ TRIAL: 72 $ P1: 0.75 $ P2: 0.75 $ MAG1: 10 $ MAG2: 1 $ VAL: 0 $ INF: 0 $ OP1: 7 $ OP2: 10 $ INV: 1 $ CTIME: 1378586 $ CLR: 1 $ CGB: 1 $ RGB: 0 $ CFGB: 1 $ RTIME: 1788 $ dbcall success 
learning_data $ EXP: ExpeMag_i1pf $ EXPID: 1622528362 $ ID: it $ TEST: 2 $ SESSION: 0 $ TRIAL: 73 $ P1: 0.75 $ P2: 0.25 $ MAG1: 10 $ MAG2: 1 $ VAL: 0 $ INF: 0 $ OP1: 4 $ OP2: 9 $ INV: 0 $ CTIME: 1382882 $ CLR: -1 $ CGB: 1 $ RGB: 0 $ CFGB: 0 $ RTIME: 877 $ dbcall success 
learning_data $ EXP: ExpeMag_i1pf $ EXPID: 1622528362 $ ID: it $ TEST: 2 $ SESSION: 0 $ TRIAL: 74 $ P1: 0.75 $ P2: 0.75 $ MAG1: 1 $ MAG2: 10 $ VAL: 0 $ INF: 0 $ OP1: 10 $ OP2: 7 $ INV: 1 $ CTIME: 1386267 $ CLR: -1 $ CGB: 0 $ RGB: 0 $ CFGB: 1 $ RTIME: 899 $ dbcall success 
learning_data $ EXP: ExpeMag_i1pf $ EXPID: 1622528362 $ ID: it $ TEST: 2 $ SESSION: 0 $ TRIAL: 75 $ P1: 0.75 $ P2: 0.75 $ MAG1: 1 $ MAG2: 10 $ VAL: 0 $ INF: 0 $ OP1: 10 $ OP2: 7 $ INV: 1 $ CTIME: 1389687 $ CLR: -1 $ CGB: 0 $ RGB: 0 $ CFGB: 1 $ RTIME: 864 $ dbcall success 
learning_data $ EXP: ExpeMag_i1pf $ EXPID: 1622528362 $ ID: it $ TEST: 2 $ SESSION: 0 $ TRIAL: 76 $ P1: 0.25 $ P2: 0.25 $ MAG1: 1 $ MAG2: 10 $ VAL: 0 $ INF: 0 $ OP1: 11 $ OP2: 3 $ INV: 1 $ CTIME: 1393067 $ CLR: 1 $ CGB: 1 $ RGB: 0 $ CFGB: 0 $ RTIME: 13116 $ dbcall success 
learning_data $ EXP: ExpeMag_i1pf $ EXPID: 1622528362 $ ID: it $ TEST: 2 $ SESSION: 0 $ TRIAL: 77 $ P1: 0.75 $ P2: 0.25 $ MAG1: 10 $ MAG2: 1 $ VAL: 0 $ INF: 0 $ OP1: 4 $ OP2: 9 $ INV: 1 $ CTIME: 1408689 $ CLR: 1 $ CGB: 1 $ RGB: 0 $ CFGB: 0 $ RTIME: 862 $ dbcall success 
learning_data $ EXP: ExpeMag_i1pf $ EXPID: 1622528362 $ ID: it $ TEST: 2 $ SESSION: 0 $ TRIAL: 78 $ P1: 0.25 $ P2: 0.75 $ MAG1: 10 $ MAG2: 1 $ VAL: 0 $ INF: 0 $ OP1: 5 $ OP2: 6 $ INV: 0 $ CTIME: 1412056 $ CLR: -1 $ CGB: 1 $ RGB: 0 $ CFGB: 1 $ RTIME: 750 $ dbcall success 
learning_data $ EXP: ExpeMag_i1pf $ EXPID: 1622528362 $ ID: it $ TEST: 2 $ SESSION: 0 $ TRIAL: 79 $ P1: 0.75 $ P2: 0.25 $ MAG1: 10 $ MAG2: 1 $ VAL: 0 $ INF: 0 $ OP1: 4 $ OP2: 9 $ INV: 0 $ CTIME: 1415325 $ CLR: -1 $ CGB: 1 $ RGB: 0 $ CFGB: 0 $ RTIME: 1145 $ dbcall success 
learning_data $ EXP: ExpeMag_i1pf $ EXPID: 1622528362 $ ID: it $ TEST: 2 $ SESSION: 0 $ TRIAL: 80 $ P1: 0.75 $ P2: 0.25 $ MAG1: 1 $ MAG2: 10 $ VAL: 0 $ INF: 0 $ OP1: 6 $ OP2: 5 $ INV: 1 $ CTIME: 1418981 $ CLR: -1 $ CGB: 0 $ RGB: 0 $ CFGB: 0 $ RTIME: 722 $ dbcall success 
learning_data $ EXP: ExpeMag_i1pf $ EXPID: 1622528362 $ ID: it $ TEST: 2 $ SESSION: 0 $ TRIAL: 81 $ P1: 0.75 $ P2: 0.25 $ MAG1: 10 $ MAG2: 1 $ VAL: 0 $ INF: 0 $ OP1: 4 $ OP2: 9 $ INV: 0 $ CTIME: 1422218 $ CLR: -1 $ CGB: 1 $ RGB: 0 $ CFGB: 0 $ RTIME: 805 $ dbcall success 
learning_data $ EXP: ExpeMag_i1pf $ EXPID: 1622528362 $ ID: it $ TEST: 2 $ SESSION: 0 $ TRIAL: 82 $ P1: 0.75 $ P2: 0.25 $ MAG1: 10 $ MAG2: 1 $ VAL: 0 $ INF: 0 $ OP1: 4 $ OP2: 9 $ INV: 1 $ CTIME: 1425537 $ CLR: 1 $ CGB: 1 $ RGB: 0 $ CFGB: 0 $ RTIME: 1237 $ dbcall success 
learning_data $ EXP: ExpeMag_i1pf $ EXPID: 1622528362 $ ID: it $ TEST: 2 $ SESSION: 0 $ TRIAL: 83 $ P1: 0.25 $ P2: 0.75 $ MAG1: 1 $ MAG2: 10 $ VAL: 0 $ INF: 0 $ OP1: 9 $ OP2: 4 $ INV: 1 $ CTIME: 1429279 $ CLR: -1 $ CGB: 0 $ RGB: 0 $ CFGB: 0 $ RTIME: 751 $ dbcall success 
learning_data $ EXP: ExpeMag_i1pf $ EXPID: 1622528362 $ ID: it $ TEST: 2 $ SESSION: 0 $ TRIAL: 84 $ P1: 0.75 $ P2: 0.25 $ MAG1: 10 $ MAG2: 1 $ VAL: 0 $ INF: 0 $ OP1: 4 $ OP2: 9 $ INV: 0 $ CTIME: 1432537 $ CLR: -1 $ CGB: 1 $ RGB: 0 $ CFGB: 0 $ RTIME: 806 $ dbcall success 
learning_data $ EXP: ExpeMag_i1pf $ EXPID: 1622528362 $ ID: it $ TEST: 2 $ SESSION: 0 $ TRIAL: 85 $ P1: 0.75 $ P2: 0.25 $ MAG1: 1 $ MAG2: 10 $ VAL: 0 $ INF: 0 $ OP1: 6 $ OP2: 5 $ INV: 1 $ CTIME: 1435856 $ CLR: -1 $ CGB: 0 $ RGB: 0 $ CFGB: 1 $ RTIME: 535 $ dbcall success 
learning_data $ EXP: ExpeMag_i1pf $ EXPID: 1622528362 $ ID: it $ TEST: 2 $ SESSION: 0 $ TRIAL: 86 $ P1: 0.75 $ P2: 0.25 $ MAG1: 10 $ MAG2: 1 $ VAL: 0 $ INF: 0 $ OP1: 4 $ OP2: 9 $ INV: 0 $ CTIME: 1438899 $ CLR: -1 $ CGB: 1 $ RGB: 0 $ CFGB: 1 $ RTIME: 507 $ dbcall success 
learning_data $ EXP: ExpeMag_i1pf $ EXPID: 1622528362 $ ID: it $ TEST: 2 $ SESSION: 0 $ TRIAL: 87 $ P1: 0.75 $ P2: 0.25 $ MAG1: 1 $ MAG2: 10 $ VAL: 0 $ INF: 0 $ OP1: 6 $ OP2: 5 $ INV: 0 $ CTIME: 1441919 $ CLR: 1 $ CGB: 0 $ RGB: 0 $ CFGB: 1 $ RTIME: 768 $ dbcall success 
learning_data $ EXP: ExpeMag_i1pf $ EXPID: 1622528362 $ ID: it $ TEST: 2 $ SESSION: 0 $ TRIAL: 88 $ P1: 0.25 $ P2: 0.25 $ MAG1: 10 $ MAG2: 1 $ VAL: 0 $ INF: 0 $ OP1: 3 $ OP2: 11 $ INV: 1 $ CTIME: 1445193 $ CLR: -1 $ CGB: 0 $ RGB: 0 $ CFGB: 0 $ RTIME: 1941 $ dbcall success 
learning_data $ EXP: ExpeMag_i1pf $ EXPID: 1622528362 $ ID: it $ TEST: 2 $ SESSION: 0 $ TRIAL: 89 $ P1: 0.25 $ P2: 0.75 $ MAG1: 10 $ MAG2: 1 $ VAL: 0 $ INF: 0 $ OP1: 5 $ OP2: 6 $ INV: 1 $ CTIME: 1449647 $ CLR: 1 $ CGB: 1 $ RGB: 0 $ CFGB: 1 $ RTIME: 1056 $ dbcall success 
learning_data $ EXP: ExpeMag_i1pf $ EXPID: 1622528362 $ ID: it $ TEST: 2 $ SESSION: 0 $ TRIAL: 90 $ P1: 0.25 $ P2: 0.25 $ MAG1: 10 $ MAG2: 1 $ VAL: 0 $ INF: 0 $ OP1: 3 $ OP2: 11 $ INV: 1 $ CTIME: 1453213 $ CLR: -1 $ CGB: 0 $ RGB: 0 $ CFGB: 0 $ RTIME: 1753 $ dbcall success 
learning_data $ EXP: ExpeMag_i1pf $ EXPID: 1622528362 $ ID: it $ TEST: 2 $ SESSION: 0 $ TRIAL: 91 $ P1: 0.75 $ P2: 0.25 $ MAG1: 1 $ MAG2: 10 $ VAL: 0 $ INF: 0 $ OP1: 6 $ OP2: 5 $ INV: 1 $ CTIME: 1457478 $ CLR: -1 $ CGB: 0 $ RGB: 0 $ CFGB: 1 $ RTIME: 1105 $ dbcall success 
learning_data $ EXP: ExpeMag_i1pf $ EXPID: 1622528362 $ ID: it $ TEST: 2 $ SESSION: 0 $ TRIAL: 92 $ P1: 0.25 $ P2: 0.75 $ MAG1: 10 $ MAG2: 1 $ VAL: 0 $ INF: 0 $ OP1: 5 $ OP2: 6 $ INV: 1 $ CTIME: 1461089 $ CLR: 1 $ CGB: 1 $ RGB: 0 $ CFGB: 1 $ RTIME: 830 $ dbcall success 
learning_data $ EXP: ExpeMag_i1pf $ EXPID: 1622528362 $ ID: it $ TEST: 2 $ SESSION: 0 $ TRIAL: 93 $ P1: 0.75 $ P2: 0.75 $ MAG1: 10 $ MAG2: 1 $ VAL: 0 $ INF: 0 $ OP1: 7 $ OP2: 10 $ INV: 1 $ CTIME: 1464433 $ CLR: 1 $ CGB: 1 $ RGB: 0 $ CFGB: 1 $ RTIME: 1053 $ dbcall success 
learning_data $ EXP: ExpeMag_i1pf $ EXPID: 1622528362 $ ID: it $ TEST: 2 $ SESSION: 0 $ TRIAL: 94 $ P1: 0.25 $ P2: 0.25 $ MAG1: 1 $ MAG2: 10 $ VAL: 0 $ INF: 0 $ OP1: 11 $ OP2: 3 $ INV: 1 $ CTIME: 1468004 $ CLR: 1 $ CGB: 1 $ RGB: 0 $ CFGB: 0 $ RTIME: 1250 $ dbcall success 
learning_data $ EXP: ExpeMag_i1pf $ EXPID: 1622528362 $ ID: it $ TEST: 2 $ SESSION: 0 $ TRIAL: 95 $ P1: 0.75 $ P2: 0.75 $ MAG1: 10 $ MAG2: 1 $ VAL: 0 $ INF: 0 $ OP1: 7 $ OP2: 10 $ INV: 0 $ CTIME: 1471763 $ CLR: -1 $ CGB: 1 $ RGB: 0 $ CFGB: 0 $ RTIME: 1396 $ dbcall success 
learning_data $ EXP: ExpeMag_i1pf $ EXPID: 1622528362 $ ID: it $ TEST: 2 $ SESSION: 0 $ TRIAL: 96 $ P1: 0.25 $ P2: 0.25 $ MAG1: 1 $ MAG2: 10 $ VAL: 0 $ INF: 0 $ OP1: 11 $ OP2: 3 $ INV: 0 $ CTIME: 1475679 $ CLR: -1 $ CGB: 1 $ RGB: 0 $ CFGB: 0 $ RTIME: 968 $ dbcall success 
learning_data $ EXP: ExpeMag_i1pf $ EXPID: 1622528362 $ ID: it $ TEST: 2 $ SESSION: 0 $ TRIAL: 97 $ P1: 0.25 $ P2: 0.75 $ MAG1: 1 $ MAG2: 10 $ VAL: 0 $ INF: 0 $ OP1: 9 $ OP2: 4 $ INV: 1 $ CTIME: 1479159 $ CLR: -1 $ CGB: 0 $ RGB: 0 $ CFGB: 1 $ RTIME: 695 $ dbcall success 
learning_data $ EXP: ExpeMag_i1pf $ EXPID: 1622528362 $ ID: it $ TEST: 2 $ SESSION: 0 $ TRIAL: 98 $ P1: 0.75 $ P2: 0.75 $ MAG1: 1 $ MAG2: 10 $ VAL: 0 $ INF: 0 $ OP1: 10 $ OP2: 7 $ INV: 0 $ CTIME: 1482362 $ CLR: 1 $ CGB: 0 $ RGB: 0 $ CFGB: 1 $ RTIME: 2429 $ dbcall success 
learning_data $ EXP: ExpeMag_i1pf $ EXPID: 1622528362 $ ID: it $ TEST: 2 $ SESSION: 0 $ TRIAL: 99 $ P1: 0.75 $ P2: 0.25 $ MAG1: 10 $ MAG2: 1 $ VAL: 0 $ INF: 0 $ OP1: 4 $ OP2: 9 $ INV: 1 $ CTIME: 1487308 $ CLR: 1 $ CGB: 1 $ RGB: 0 $ CFGB: 0 $ RTIME: 1459 $ dbcall success 
learning_data $ EXP: ExpeMag_i1pf $ EXPID: 1622528362 $ ID: it $ TEST: 2 $ SESSION: 0 $ TRIAL: 100 $ P1: 0.25 $ P2: 0.25 $ MAG1: 10 $ MAG2: 1 $ VAL: 0 $ INF: 0 $ OP1: 3 $ OP2: 11 $ INV: 1 $ CTIME: 1491275 $ CLR: -1 $ CGB: 0 $ RGB: 0 $ CFGB: 0 $ RTIME: 1396 $ dbcall success 
learning_data $ EXP: ExpeMag_i1pf $ EXPID: 1622528362 $ ID: it $ TEST: 2 $ SESSION: 0 $ TRIAL: 101 $ P1: 0.75 $ P2: 0.75 $ MAG1: 1 $ MAG2: 10 $ VAL: 0 $ INF: 0 $ OP1: 10 $ OP2: 7 $ INV: 0 $ CTIME: 1495176 $ CLR: 1 $ CGB: 0 $ RGB: 0 $ CFGB: 1 $ RTIME: 2015 $ dbcall success 
learning_data $ EXP: ExpeMag_i1pf $ EXPID: 1622528362 $ ID: it $ TEST: 2 $ SESSION: 0 $ TRIAL: 102 $ P1: 0.25 $ P2: 0.75 $ MAG1: 1 $ MAG2: 10 $ VAL: 0 $ INF: 0 $ OP1: 9 $ OP2: 4 $ INV: 1 $ CTIME: 1499700 $ CLR: -1 $ CGB: 0 $ RGB: 0 $ CFGB: 0 $ RTIME: 2099 $ dbcall success 
learning_data $ EXP: ExpeMag_i1pf $ EXPID: 1622528362 $ ID: it $ TEST: 2 $ SESSION: 0 $ TRIAL: 103 $ P1: 0.75 $ P2: 0.75 $ MAG1: 1 $ MAG2: 10 $ VAL: 0 $ INF: 0 $ OP1: 10 $ OP2: 7 $ INV: 0 $ CTIME: 1504305 $ CLR: 1 $ CGB: 0 $ RGB: 0 $ CFGB: 1 $ RTIME: 16824 $ dbcall success 
learning_data $ EXP: ExpeMag_i1pf $ EXPID: 1622528362 $ ID: it $ TEST: 2 $ SESSION: 0 $ TRIAL: 104 $ P1: 0.75 $ P2: 0.75 $ MAG1: 10 $ MAG2: 1 $ VAL: 0 $ INF: 0 $ OP1: 7 $ OP2: 10 $ INV: 0 $ CTIME: 1523643 $ CLR: -1 $ CGB: 1 $ RGB: 0 $ CFGB: 1 $ RTIME: 694 $ dbcall success 
learning_data $ EXP: ExpeMag_i1pf $ EXPID: 1622528362 $ ID: it $ TEST: 2 $ SESSION: 0 $ TRIAL: 105 $ P1: 0.25 $ P2: 0.25 $ MAG1: 10 $ MAG2: 1 $ VAL: 0 $ INF: 0 $ OP1: 3 $ OP2: 11 $ INV: 1 $ CTIME: 1526842 $ CLR: -1 $ CGB: 0 $ RGB: 0 $ CFGB: 0 $ RTIME: 1230 $ dbcall success 
learning_data $ EXP: ExpeMag_i1pf $ EXPID: 1622528362 $ ID: it $ TEST: 2 $ SESSION: 0 $ TRIAL: 106 $ P1: 0.25 $ P2: 0.25 $ MAG1: 10 $ MAG2: 1 $ VAL: 0 $ INF: 0 $ OP1: 3 $ OP2: 11 $ INV: 1 $ CTIME: 1530578 $ CLR: -1 $ CGB: 0 $ RGB: 0 $ CFGB: 0 $ RTIME: 838 $ dbcall success 
learning_data $ EXP: ExpeMag_i1pf $ EXPID: 1622528362 $ ID: it $ TEST: 2 $ SESSION: 0 $ TRIAL: 107 $ P1: 0.75 $ P2: 0.25 $ MAG1: 1 $ MAG2: 10 $ VAL: 0 $ INF: 0 $ OP1: 6 $ OP2: 5 $ INV: 0 $ CTIME: 1533928 $ CLR: 1 $ CGB: 0 $ RGB: 0 $ CFGB: 1 $ RTIME: 952 $ dbcall success 
learning_data $ EXP: ExpeMag_i1pf $ EXPID: 1622528362 $ ID: it $ TEST: 2 $ SESSION: 0 $ TRIAL: 108 $ P1: 0.75 $ P2: 0.75 $ MAG1: 1 $ MAG2: 10 $ VAL: 0 $ INF: 0 $ OP1: 10 $ OP2: 7 $ INV: 0 $ CTIME: 1537393 $ CLR: 1 $ CGB: 0 $ RGB: 0 $ CFGB: 0 $ RTIME: 1199 $ dbcall success 
learning_data $ EXP: ExpeMag_i1pf $ EXPID: 1622528362 $ ID: it $ TEST: 2 $ SESSION: 0 $ TRIAL: 109 $ P1: 0.25 $ P2: 0.75 $ MAG1: 1 $ MAG2: 10 $ VAL: 0 $ INF: 0 $ OP1: 9 $ OP2: 4 $ INV: 0 $ CTIME: 1541099 $ CLR: 1 $ CGB: 0 $ RGB: 0 $ CFGB: 0 $ RTIME: 933 $ dbcall success 
learning_data $ EXP: ExpeMag_i1pf $ EXPID: 1622528362 $ ID: it $ TEST: 2 $ SESSION: 0 $ TRIAL: 110 $ P1: 0.75 $ P2: 0.75 $ MAG1: 1 $ MAG2: 10 $ VAL: 0 $ INF: 0 $ OP1: 10 $ OP2: 7 $ INV: 0 $ CTIME: 1544538 $ CLR: 1 $ CGB: 0 $ RGB: 0 $ CFGB: 1 $ RTIME: 1182 $ dbcall success 
learning_data $ EXP: ExpeMag_i1pf $ EXPID: 1622528362 $ ID: it $ TEST: 2 $ SESSION: 0 $ TRIAL: 111 $ P1: 0.25 $ P2: 0.25 $ MAG1: 1 $ MAG2: 10 $ VAL: 0 $ INF: 0 $ OP1: 11 $ OP2: 3 $ INV: 1 $ CTIME: 1548235 $ CLR: 1 $ CGB: 1 $ RGB: 0 $ CFGB: 0 $ RTIME: 5069 $ dbcall success 
learning_data $ EXP: ExpeMag_i1pf $ EXPID: 1622528362 $ ID: it $ TEST: 2 $ SESSION: 0 $ TRIAL: 112 $ P1: 0.25 $ P2: 0.75 $ MAG1: 10 $ MAG2: 1 $ VAL: 0 $ INF: 0 $ OP1: 5 $ OP2: 6 $ INV: 1 $ CTIME: 1555809 $ CLR: 1 $ CGB: 1 $ RGB: 0 $ CFGB: 1 $ RTIME: 1552 $ dbcall success 
learning_data $ EXP: ExpeMag_i1pf $ EXPID: 1622528362 $ ID: it $ TEST: 2 $ SESSION: 0 $ TRIAL: 113 $ P1: 0.75 $ P2: 0.75 $ MAG1: 10 $ MAG2: 1 $ VAL: 0 $ INF: 0 $ OP1: 7 $ OP2: 10 $ INV: 1 $ CTIME: 1559879 $ CLR: 1 $ CGB: 1 $ RGB: 0 $ CFGB: 1 $ RTIME: 1041 $ dbcall success 
learning_data $ EXP: ExpeMag_i1pf $ EXPID: 1622528362 $ ID: it $ TEST: 2 $ SESSION: 0 $ TRIAL: 114 $ P1: 0.25 $ P2: 0.25 $ MAG1: 10 $ MAG2: 1 $ VAL: 0 $ INF: 0 $ OP1: 3 $ OP2: 11 $ INV: 1 $ CTIME: 1563442 $ CLR: -1 $ CGB: 0 $ RGB: 0 $ CFGB: 0 $ RTIME: 1054 $ dbcall success 
learning_data $ EXP: ExpeMag_i1pf $ EXPID: 1622528362 $ ID: it $ TEST: 2 $ SESSION: 0 $ TRIAL: 115 $ P1: 0.25 $ P2: 0.25 $ MAG1: 1 $ MAG2: 10 $ VAL: 0 $ INF: 0 $ OP1: 11 $ OP2: 3 $ INV: 0 $ CTIME: 1567002 $ CLR: -1 $ CGB: 1 $ RGB: 0 $ CFGB: 0 $ RTIME: 1438 $ dbcall success 
learning_data $ EXP: ExpeMag_i1pf $ EXPID: 1622528362 $ ID: it $ TEST: 2 $ SESSION: 0 $ TRIAL: 116 $ P1: 0.75 $ P2: 0.75 $ MAG1: 10 $ MAG2: 1 $ VAL: 0 $ INF: 0 $ OP1: 7 $ OP2: 10 $ INV: 0 $ CTIME: 1570948 $ CLR: -1 $ CGB: 1 $ RGB: 0 $ CFGB: 1 $ RTIME: 1426 $ dbcall success 
learning_data $ EXP: ExpeMag_i1pf $ EXPID: 1622528362 $ ID: it $ TEST: 2 $ SESSION: 0 $ TRIAL: 117 $ P1: 0.25 $ P2: 0.25 $ MAG1: 10 $ MAG2: 1 $ VAL: 0 $ INF: 0 $ OP1: 3 $ OP2: 11 $ INV: 1 $ CTIME: 1574880 $ CLR: -1 $ CGB: 0 $ RGB: 0 $ CFGB: 0 $ RTIME: 1245 $ dbcall success 
learning_data $ EXP: ExpeMag_i1pf $ EXPID: 1622528362 $ ID: it $ TEST: 2 $ SESSION: 0 $ TRIAL: 118 $ P1: 0.75 $ P2: 0.75 $ MAG1: 10 $ MAG2: 1 $ VAL: 0 $ INF: 0 $ OP1: 7 $ OP2: 10 $ INV: 0 $ CTIME: 1578639 $ CLR: -1 $ CGB: 1 $ RGB: 0 $ CFGB: 1 $ RTIME: 1534 $ dbcall success 
learning_data $ EXP: ExpeMag_i1pf $ EXPID: 1622528362 $ ID: it $ TEST: 2 $ SESSION: 0 $ TRIAL: 119 $ P1: 0.25 $ P2: 0.75 $ MAG1: 1 $ MAG2: 10 $ VAL: 0 $ INF: 0 $ OP1: 9 $ OP2: 4 $ INV: 1 $ CTIME: 1582678 $ CLR: -1 $ CGB: 0 $ RGB: 0 $ CFGB: 1 $ RTIME: 2471 $ dbcall success 
questionnaire_data $ EXP: ExpeMag_i1pf $ EXPID: 1622528362 $ ID: it $ QUESTIONNAIRE: FTND-6_instruction $ ITEM: 1 $ ANSWER: -1 $ VAL:-1 $ RTIME: 3776 $ dbcall success 
questionnaire_data $ EXP: ExpeMag_i1pf $ EXPID: 1622528362 $ ID: it $ QUESTIONNAIRE: AUDIT-10_instruction $ ITEM: 1 $ ANSWER: -1 $ VAL:-1 $ RTIME: 5798 $ dbcall success 
questionnaire_data $ EXP: ExpeMag_i1pf $ EXPID: 1622528362 $ ID: it $ QUESTIONNAIRE: CAST-6_instruction $ ITEM: 1 $ ANSWER: -1 $ VAL:-1 $ RTIME: 3006 $ dbcall success 
questionnaire_data $ EXP: ExpeMag_i1pf $ EXPID: 1622528362 $ ID: it $ QUESTIONNAIRE: SES-13_instruction $ ITEM: 1 $ ANSWER: 1 $ VAL:1 $ RTIME: 7679 $ dbcall success 
questionnaire_data $ EXP: ExpeMag_i1pf $ EXPID: 1622528362 $ ID: it $ QUESTIONNAIRE: SES-13 $ ITEM: 1 $ ANSWER: 3 $ VAL:3 $ RTIME: 9716 $ dbcall success 
questionnaire_data $ EXP: ExpeMag_i1pf $ EXPID: 1622528362 $ ID: it $ QUESTIONNAIRE: SES-13 $ ITEM: 2 $ ANSWER: 5 $ VAL:5 $ RTIME: 10262 $ dbcall success 
questionnaire_data $ EXP: ExpeMag_i1pf $ EXPID: 1622528362 $ ID: it $ QUESTIONNAIRE: SES-13 $ ITEM: 3 $ ANSWER: 5 $ VAL:5 $ RTIME: 1725 $ dbcall success 
questionnaire_data $ EXP: ExpeMag_i1pf $ EXPID: 1622528362 $ ID: it $ QUESTIONNAIRE: SES-13 $ ITEM: 4 $ ANSWER: 5 $ VAL:5 $ RTIME: 1662 $ dbcall success 
questionnaire_data $ EXP: ExpeMag_i1pf $ EXPID: 1622528362 $ ID: it $ QUESTIONNAIRE: SES-13 $ ITEM: 5 $ ANSWER: 5 $ VAL:5 $ RTIME: 2245 $ dbcall success 
questionnaire_data $ EXP: ExpeMag_i1pf $ EXPID: 1622528362 $ ID: it $ QUESTIONNAIRE: SES-13 $ ITEM: 6 $ ANSWER: 5 $ VAL:5 $ RTIME: 1607 $ dbcall success 
questionnaire_data $ EXP: ExpeMag_i1pf $ EXPID: 1622528362 $ ID: it $ QUESTIONNAIRE: SES-13 $ ITEM: 7 $ ANSWER: 5 $ VAL:5 $ RTIME: 1676 $ dbcall success 
questionnaire_data $ EXP: ExpeMag_i1pf $ EXPID: 1622528362 $ ID: it $ QUESTIONNAIRE: SES-13 $ ITEM: 8 $ ANSWER: 5 $ VAL:5 $ RTIME: 1695 $ dbcall success 
questionnaire_data $ EXP: ExpeMag_i1pf $ EXPID: 1622528362 $ ID: it $ QUESTIONNAIRE: SES-13 $ ITEM: 9 $ ANSWER: 5 $ VAL:5 $ RTIME: 1767 $ dbcall success 
questionnaire_data $ EXP: ExpeMag_i1pf $ EXPID: 1622528362 $ ID: it $ QUESTIONNAIRE: SES-13 $ ITEM: 10 $ ANSWER: 5 $ VAL:5 $ RTIME: 1551 $ dbcall success 
questionnaire_data $ EXP: ExpeMag_i1pf $ EXPID: 1622528362 $ ID: it $ QUESTIONNAIRE: SES-13 $ ITEM: 11 $ ANSWER: 5 $ VAL:5 $ RTIME: 1926 $ dbcall success 
questionnaire_data $ EXP: ExpeMag_i1pf $ EXPID: 1622528362 $ ID: it $ QUESTIONNAIRE: SES-13 $ ITEM: 12 $ ANSWER: 5 $ VAL:5 $ RTIME: 2278 $ dbcall success 
questionnaire_data $ EXP: ExpeMag_i1pf $ EXPID: 1622528362 $ ID: it $ QUESTIONNAIRE: SES-13 $ ITEM: 13 $ ANSWER: 5 $ VAL:5 $ RTIME: 15982 $ dbcall success 
questionnaire_data $ EXP: ExpeMag_i1pf $ EXPID: 1622528362 $ ID: it $ QUESTIONNAIRE: CRT-7_instruction $ ITEM: 1 $ ANSWER: 1 $ VAL:1 $ RTIME: 5646 $ dbcall success 
questionnaire_data $ EXP: ExpeMag_i1pf $ EXPID: 1622528362 $ ID: it $ QUESTIONNAIRE: CRT-7 $ ITEM: 1 $ ANSWER: 2 $ VAL:2 $ RTIME: 14550 $ dbcall success 
questionnaire_data $ EXP: ExpeMag_i1pf $ EXPID: 1622528362 $ ID: it $ QUESTIONNAIRE: CRT-7 $ ITEM: 2 $ ANSWER: 2 $ VAL:2 $ RTIME: 45830 $ dbcall success 
questionnaire_data $ EXP: ExpeMag_i1pf $ EXPID: 1622528362 $ ID: it $ QUESTIONNAIRE: CRT-7 $ ITEM: 3 $ ANSWER: 2 $ VAL:2 $ RTIME: 15998 $ dbcall success 
questionnaire_data $ EXP: ExpeMag_i1pf $ EXPID: 1622528362 $ ID: it $ QUESTIONNAIRE: CRT-7 $ ITEM: 4 $ ANSWER: 2 $ VAL:2 $ RTIME: 66852 $ dbcall success 
questionnaire_data $ EXP: ExpeMag_i1pf $ EXPID: 1622528362 $ ID: it $ QUESTIONNAIRE: CRT-7 $ ITEM: 5 $ ANSWER: 2 $ VAL:2 $ RTIME: 28019 $ dbcall success 
questionnaire_data $ EXP: ExpeMag_i1pf $ EXPID: 1622528362 $ ID: it $ QUESTIONNAIRE: CRT-7 $ ITEM: 6 $ ANSWER: 2 $ VAL:2 $ RTIME: 128480 $ dbcall success 
